[0.007s] Invoking command in '/home/kevin/Documents/Master/2_Semester/Spez/walle_ws/build/turtlesim': CMAKE_PREFIX_PATH=${CMAKE_PREFIX_PATH}:/home/kevin/ros2_ws/install/launch_testing_examples:/home/kevin/ros2_ws/install/examples_rclpy_pointcloud_publisher:/home/kevin/ros2_ws/install/examples_rclpy_minimal_subscriber:/home/kevin/ros2_ws/install/examples_rclpy_minimal_service:/home/kevin/ros2_ws/install/examples_rclpy_minimal_publisher:/home/kevin/ros2_ws/install/examples_rclpy_minimal_client:/home/kevin/ros2_ws/install/examples_rclpy_minimal_action_server:/home/kevin/ros2_ws/install/examples_rclpy_minimal_action_client:/home/kevin/ros2_ws/install/examples_rclpy_guard_conditions:/home/kevin/ros2_ws/install/examples_rclpy_executors:/opt/ros/humble /usr/bin/cmake /home/kevin/Documents/Master/2_Semester/Spez/walle_ws/src/ros_tutorials/turtlesim -DCMAKE_INSTALL_PREFIX=/home/kevin/Documents/Master/2_Semester/Spez/walle_ws/install/turtlesim
[0.043s] -- The C compiler identification is GNU 11.4.0
[0.078s] -- The CXX compiler identification is GNU 11.4.0
[0.082s] -- Detecting C compiler ABI info
[0.128s] -- Detecting C compiler ABI info - done
[0.132s] -- Check for working C compiler: /usr/bin/cc - skipped
[0.132s] -- Detecting C compile features
[0.132s] -- Detecting C compile features - done
[0.134s] -- Detecting CXX compiler ABI info
[0.186s] -- Detecting CXX compiler ABI info - done
[0.190s] -- Check for working CXX compiler: /usr/bin/c++ - skipped
[0.190s] -- Detecting CXX compile features
[0.190s] -- Detecting CXX compile features - done
[0.194s] -- Found ament_cmake: 1.3.9 (/opt/ros/humble/share/ament_cmake/cmake)
[0.302s] -- Found Python3: /usr/bin/python3 (found version "3.10.12") found components: Interpreter 
[0.382s] -- Found ament_index_cpp: 1.4.0 (/opt/ros/humble/share/ament_index_cpp/cmake)
[0.385s] -- Found geometry_msgs: 4.2.4 (/opt/ros/humble/share/geometry_msgs/cmake)
[0.425s] -- Found rosidl_generator_c: 3.1.5 (/opt/ros/humble/share/rosidl_generator_c/cmake)
[0.431s] -- Found rosidl_adapter: 3.1.5 (/opt/ros/humble/share/rosidl_adapter/cmake)
[0.439s] -- Found rosidl_generator_cpp: 3.1.5 (/opt/ros/humble/share/rosidl_generator_cpp/cmake)
[0.450s] -- Using all available rosidl_typesupport_c: rosidl_typesupport_fastrtps_c;rosidl_typesupport_introspection_c
[0.466s] -- Using all available rosidl_typesupport_cpp: rosidl_typesupport_fastrtps_cpp;rosidl_typesupport_introspection_cpp
[0.545s] -- Found rclcpp: 16.0.9 (/opt/ros/humble/share/rclcpp/cmake)
[0.587s] -- Found rmw_implementation_cmake: 6.1.2 (/opt/ros/humble/share/rmw_implementation_cmake/cmake)
[0.590s] -- Found rmw_fastrtps_cpp: 6.2.6 (/opt/ros/humble/share/rmw_fastrtps_cpp/cmake)
[0.662s] -- Found OpenSSL: /usr/lib/x86_64-linux-gnu/libcrypto.so (found version "3.0.2")  
[0.680s] -- Found FastRTPS: /opt/ros/humble/include  
[0.711s] -- Using RMW implementation 'rmw_fastrtps_cpp' as default
[0.721s] -- Looking for pthread.h
[0.767s] -- Looking for pthread.h - found
[0.767s] -- Performing Test CMAKE_HAVE_LIBC_PTHREAD
[0.813s] -- Performing Test CMAKE_HAVE_LIBC_PTHREAD - Success
[0.814s] -- Found Threads: TRUE  
[0.882s] -- Found rclcpp_action: 16.0.9 (/opt/ros/humble/share/rclcpp_action/cmake)
[0.934s] -- Found rosidl_default_generators: 1.2.0 (/opt/ros/humble/share/rosidl_default_generators/cmake)
[0.942s] -- Found std_srvs: 4.2.4 (/opt/ros/humble/share/std_srvs/cmake)
[1.129s] -- Found ament_cmake_ros: 0.10.0 (/opt/ros/humble/share/ament_cmake_ros/cmake)
[1.328s] -- Using all available rosidl_typesupport_c: rosidl_typesupport_fastrtps_c;rosidl_typesupport_introspection_c
[1.405s] -- Using all available rosidl_typesupport_cpp: rosidl_typesupport_fastrtps_cpp;rosidl_typesupport_introspection_cpp
[1.421s] -- Found PythonInterp: /usr/bin/python3 (found suitable version "3.10.12", minimum required is "3.6") 
[1.424s] -- Found python_cmake_module: 0.10.0 (/opt/ros/humble/share/python_cmake_module/cmake)
[1.443s] -- Found PythonLibs: /usr/lib/x86_64-linux-gnu/libpython3.10.so (found suitable version "3.10.12", minimum required is "3.5") 
[1.443s] -- Using PYTHON_EXECUTABLE: /usr/bin/python3
[1.443s] -- Using PYTHON_INCLUDE_DIRS: /usr/include/python3.10
[1.443s] -- Using PYTHON_LIBRARIES: /usr/lib/x86_64-linux-gnu/libpython3.10.so
[1.457s] -- Found PythonExtra: .so  
[1.500s] -- Configuring done
[1.537s] -- Generating done
[1.540s] -- Build files have been written to: /home/kevin/Documents/Master/2_Semester/Spez/walle_ws/build/turtlesim
[1.548s] Invoked command in '/home/kevin/Documents/Master/2_Semester/Spez/walle_ws/build/turtlesim' returned '0': CMAKE_PREFIX_PATH=${CMAKE_PREFIX_PATH}:/home/kevin/ros2_ws/install/launch_testing_examples:/home/kevin/ros2_ws/install/examples_rclpy_pointcloud_publisher:/home/kevin/ros2_ws/install/examples_rclpy_minimal_subscriber:/home/kevin/ros2_ws/install/examples_rclpy_minimal_service:/home/kevin/ros2_ws/install/examples_rclpy_minimal_publisher:/home/kevin/ros2_ws/install/examples_rclpy_minimal_client:/home/kevin/ros2_ws/install/examples_rclpy_minimal_action_server:/home/kevin/ros2_ws/install/examples_rclpy_minimal_action_client:/home/kevin/ros2_ws/install/examples_rclpy_guard_conditions:/home/kevin/ros2_ws/install/examples_rclpy_executors:/opt/ros/humble /usr/bin/cmake /home/kevin/Documents/Master/2_Semester/Spez/walle_ws/src/ros_tutorials/turtlesim -DCMAKE_INSTALL_PREFIX=/home/kevin/Documents/Master/2_Semester/Spez/walle_ws/install/turtlesim
[1.549s] Invoking command in '/home/kevin/Documents/Master/2_Semester/Spez/walle_ws/build/turtlesim': CMAKE_PREFIX_PATH=${CMAKE_PREFIX_PATH}:/home/kevin/ros2_ws/install/launch_testing_examples:/home/kevin/ros2_ws/install/examples_rclpy_pointcloud_publisher:/home/kevin/ros2_ws/install/examples_rclpy_minimal_subscriber:/home/kevin/ros2_ws/install/examples_rclpy_minimal_service:/home/kevin/ros2_ws/install/examples_rclpy_minimal_publisher:/home/kevin/ros2_ws/install/examples_rclpy_minimal_client:/home/kevin/ros2_ws/install/examples_rclpy_minimal_action_server:/home/kevin/ros2_ws/install/examples_rclpy_minimal_action_client:/home/kevin/ros2_ws/install/examples_rclpy_guard_conditions:/home/kevin/ros2_ws/install/examples_rclpy_executors:/opt/ros/humble /usr/bin/cmake --build /home/kevin/Documents/Master/2_Semester/Spez/walle_ws/build/turtlesim -- -j12 -l12
[1.579s] [  1%] [34m[1mGenerating C code for ROS interfaces[0m
[1.585s] [  2%] [34m[1mGenerating C++ code for ROS interfaces[0m
[1.590s] [  2%] Built target ament_cmake_python_copy_turtlesim
[1.742s] running egg_info
[1.742s] creating turtlesim.egg-info
[1.742s] writing turtlesim.egg-info/PKG-INFO
[1.742s] writing dependency_links to turtlesim.egg-info/dependency_links.txt
[1.742s] writing top-level names to turtlesim.egg-info/top_level.txt
[1.742s] writing manifest file 'turtlesim.egg-info/SOURCES.txt'
[1.743s] reading manifest file 'turtlesim.egg-info/SOURCES.txt'
[1.744s] writing manifest file 'turtlesim.egg-info/SOURCES.txt'
[1.760s] [  2%] Built target ament_cmake_python_build_turtlesim_egg
[1.995s] [  2%] Built target turtlesim__cpp
[2.002s] [  3%] [34m[1mGenerating C++ type support dispatch for ROS interfaces[0m
[2.002s] [  4%] [34m[1mGenerating C++ type support for eProsima Fast-RTPS[0m
[2.002s] [  5%] [34m[1mGenerating C++ introspection for ROS interfaces[0m
[2.050s] [  6%] [32mBuilding C object CMakeFiles/turtlesim__rosidl_generator_c.dir/rosidl_generator_c/turtlesim/msg/detail/pose__functions.c.o[0m
[2.050s] [  7%] [32mBuilding C object CMakeFiles/turtlesim__rosidl_generator_c.dir/rosidl_generator_c/turtlesim/action/detail/rotate_absolute__functions.c.o[0m
[2.050s] [  8%] [32mBuilding C object CMakeFiles/turtlesim__rosidl_generator_c.dir/rosidl_generator_c/turtlesim/srv/detail/kill__functions.c.o[0m
[2.050s] [  9%] [32mBuilding C object CMakeFiles/turtlesim__rosidl_generator_c.dir/rosidl_generator_c/turtlesim/srv/detail/teleport_relative__functions.c.o[0m
[2.050s] [ 10%] [32mBuilding C object CMakeFiles/turtlesim__rosidl_generator_c.dir/rosidl_generator_c/turtlesim/msg/detail/color__functions.c.o[0m
[2.050s] [ 12%] [32mBuilding C object CMakeFiles/turtlesim__rosidl_generator_c.dir/rosidl_generator_c/turtlesim/srv/detail/set_pen__functions.c.o[0m
[2.050s] [ 12%] [32mBuilding C object CMakeFiles/turtlesim__rosidl_generator_c.dir/rosidl_generator_c/turtlesim/srv/detail/teleport_absolute__functions.c.o[0m
[2.050s] [ 13%] [32mBuilding C object CMakeFiles/turtlesim__rosidl_generator_c.dir/rosidl_generator_c/turtlesim/srv/detail/spawn__functions.c.o[0m
[2.145s] [ 14%] [32m[1mLinking C shared library libturtlesim__rosidl_generator_c.so[0m
[2.170s] [ 14%] Built target turtlesim__rosidl_generator_c
[2.178s] [ 17%] [34m[1mGenerating C type support for eProsima Fast-RTPS[0m
[2.178s] [ 17%] [34m[1mGenerating C introspection for ROS interfaces[0m
[2.178s] [ 17%] [34m[1mGenerating C type support dispatch for ROS interfaces[0m
[2.290s] [ 19%] [32mBuilding CXX object CMakeFiles/turtlesim__rosidl_typesupport_cpp.dir/rosidl_typesupport_cpp/turtlesim/action/rotate_absolute__type_support.cpp.o[0m
[2.290s] [ 19%] [32mBuilding CXX object CMakeFiles/turtlesim__rosidl_typesupport_cpp.dir/rosidl_typesupport_cpp/turtlesim/msg/color__type_support.cpp.o[0m
[2.290s] [ 20%] [32mBuilding CXX object CMakeFiles/turtlesim__rosidl_typesupport_cpp.dir/rosidl_typesupport_cpp/turtlesim/srv/kill__type_support.cpp.o[0m
[2.290s] [ 21%] [32mBuilding CXX object CMakeFiles/turtlesim__rosidl_typesupport_cpp.dir/rosidl_typesupport_cpp/turtlesim/srv/set_pen__type_support.cpp.o[0m
[2.290s] [ 22%] [32mBuilding CXX object CMakeFiles/turtlesim__rosidl_typesupport_cpp.dir/rosidl_typesupport_cpp/turtlesim/msg/pose__type_support.cpp.o[0m
[2.291s] [ 23%] [32mBuilding CXX object CMakeFiles/turtlesim__rosidl_typesupport_cpp.dir/rosidl_typesupport_cpp/turtlesim/srv/spawn__type_support.cpp.o[0m
[2.296s] [ 24%] [32mBuilding CXX object CMakeFiles/turtlesim__rosidl_typesupport_cpp.dir/rosidl_typesupport_cpp/turtlesim/srv/teleport_absolute__type_support.cpp.o[0m
[2.496s] [ 25%] [32mBuilding CXX object CMakeFiles/turtlesim__rosidl_typesupport_cpp.dir/rosidl_typesupport_cpp/turtlesim/srv/teleport_relative__type_support.cpp.o[0m
[2.505s] [ 26%] [32mBuilding CXX object CMakeFiles/turtlesim__rosidl_typesupport_introspection_cpp.dir/rosidl_typesupport_introspection_cpp/turtlesim/action/detail/rotate_absolute__type_support.cpp.o[0m
[2.515s] [ 27%] [32mBuilding CXX object CMakeFiles/turtlesim__rosidl_typesupport_introspection_cpp.dir/rosidl_typesupport_introspection_cpp/turtlesim/msg/detail/color__type_support.cpp.o[0m
[2.524s] [ 28%] [32mBuilding CXX object CMakeFiles/turtlesim__rosidl_typesupport_introspection_cpp.dir/rosidl_typesupport_introspection_cpp/turtlesim/msg/detail/pose__type_support.cpp.o[0m
[2.530s] [ 29%] [32mBuilding CXX object CMakeFiles/turtlesim__rosidl_typesupport_introspection_cpp.dir/rosidl_typesupport_introspection_cpp/turtlesim/srv/detail/kill__type_support.cpp.o[0m
[2.530s] [ 30%] [32mBuilding CXX object CMakeFiles/turtlesim__rosidl_typesupport_introspection_cpp.dir/rosidl_typesupport_introspection_cpp/turtlesim/srv/detail/set_pen__type_support.cpp.o[0m
[2.550s] [ 31%] [32mBuilding CXX object CMakeFiles/turtlesim__rosidl_typesupport_c.dir/rosidl_typesupport_c/turtlesim/action/rotate_absolute__type_support.cpp.o[0m
[2.563s] [ 32%] [32mBuilding CXX object CMakeFiles/turtlesim__rosidl_typesupport_introspection_cpp.dir/rosidl_typesupport_introspection_cpp/turtlesim/srv/detail/spawn__type_support.cpp.o[0m
[2.571s] [ 33%] [32mBuilding CXX object CMakeFiles/turtlesim__rosidl_typesupport_fastrtps_cpp.dir/rosidl_typesupport_fastrtps_cpp/turtlesim/action/detail/dds_fastrtps/rotate_absolute__type_support.cpp.o[0m
[2.598s] [ 34%] [32mBuilding CXX object CMakeFiles/turtlesim__rosidl_typesupport_c.dir/rosidl_typesupport_c/turtlesim/msg/color__type_support.cpp.o[0m
[2.627s] [ 35%] [32mBuilding CXX object CMakeFiles/turtlesim__rosidl_typesupport_c.dir/rosidl_typesupport_c/turtlesim/msg/pose__type_support.cpp.o[0m
[2.630s] [ 36%] [32mBuilding CXX object CMakeFiles/turtlesim__rosidl_typesupport_c.dir/rosidl_typesupport_c/turtlesim/srv/kill__type_support.cpp.o[0m
[2.656s] [ 37%] [32mBuilding CXX object CMakeFiles/turtlesim__rosidl_typesupport_c.dir/rosidl_typesupport_c/turtlesim/srv/set_pen__type_support.cpp.o[0m
[2.658s] [ 38%] [32mBuilding CXX object CMakeFiles/turtlesim__rosidl_typesupport_c.dir/rosidl_typesupport_c/turtlesim/srv/spawn__type_support.cpp.o[0m
[2.688s] [ 39%] [32mBuilding CXX object CMakeFiles/turtlesim__rosidl_typesupport_c.dir/rosidl_typesupport_c/turtlesim/srv/teleport_absolute__type_support.cpp.o[0m
[2.690s] [ 40%] [32mBuilding CXX object CMakeFiles/turtlesim__rosidl_typesupport_c.dir/rosidl_typesupport_c/turtlesim/srv/teleport_relative__type_support.cpp.o[0m
[2.707s] [ 41%] [32m[1mLinking CXX shared library libturtlesim__rosidl_typesupport_cpp.so[0m
[2.728s] [ 42%] [32m[1mLinking CXX shared library libturtlesim__rosidl_typesupport_c.so[0m
[2.742s] [ 43%] [32mBuilding CXX object CMakeFiles/turtlesim__rosidl_typesupport_fastrtps_cpp.dir/rosidl_typesupport_fastrtps_cpp/turtlesim/msg/detail/dds_fastrtps/color__type_support.cpp.o[0m
[2.756s] [ 43%] Built target turtlesim__rosidl_typesupport_cpp
[2.770s] [ 44%] [32mBuilding CXX object CMakeFiles/turtlesim__rosidl_typesupport_fastrtps_cpp.dir/rosidl_typesupport_fastrtps_cpp/turtlesim/msg/detail/dds_fastrtps/pose__type_support.cpp.o[0m
[2.779s] [ 44%] Built target turtlesim__rosidl_typesupport_c
[2.789s] [ 45%] [34m[1mGenerating include/turtlesim/moc_turtle_frame.cpp[0m
[2.799s] [ 46%] [32mBuilding CXX object CMakeFiles/turtlesim__rosidl_typesupport_introspection_cpp.dir/rosidl_typesupport_introspection_cpp/turtlesim/srv/detail/teleport_absolute__type_support.cpp.o[0m
[2.821s] [ 47%] [32mBuilding CXX object CMakeFiles/turtlesim__rosidl_typesupport_introspection_cpp.dir/rosidl_typesupport_introspection_cpp/turtlesim/srv/detail/teleport_relative__type_support.cpp.o[0m
[2.832s] [ 48%] [32mBuilding CXX object CMakeFiles/turtle_teleop_key.dir/tutorials/teleop_turtle_key.cpp.o[0m
[2.841s] [ 49%] [32mBuilding CXX object CMakeFiles/turtlesim__rosidl_typesupport_fastrtps_c.dir/rosidl_typesupport_fastrtps_c/turtlesim/action/detail/rotate_absolute__type_support_c.cpp.o[0m
[2.844s] [ 50%] [32mBuilding CXX object CMakeFiles/turtlesim__rosidl_typesupport_fastrtps_c.dir/rosidl_typesupport_fastrtps_c/turtlesim/msg/detail/color__type_support_c.cpp.o[0m
[2.847s] [ 51%] [32mBuilding C object CMakeFiles/turtlesim__rosidl_typesupport_introspection_c.dir/rosidl_typesupport_introspection_c/turtlesim/action/detail/rotate_absolute__type_support.c.o[0m
[2.869s] [ 52%] [32mBuilding CXX object CMakeFiles/turtlesim_node.dir/src/turtlesim.cpp.o[0m
[2.880s] [ 53%] [32mBuilding C object CMakeFiles/turtlesim__rosidl_typesupport_introspection_c.dir/rosidl_typesupport_introspection_c/turtlesim/msg/detail/color__type_support.c.o[0m
[2.895s] [ 54%] [32mBuilding C object CMakeFiles/turtlesim__rosidl_typesupport_introspection_c.dir/rosidl_typesupport_introspection_c/turtlesim/msg/detail/pose__type_support.c.o[0m
[2.914s] [ 55%] [32mBuilding CXX object CMakeFiles/turtlesim_node.dir/src/turtle.cpp.o[0m
[2.931s] [ 56%] [32mBuilding C object CMakeFiles/turtlesim__rosidl_typesupport_introspection_c.dir/rosidl_typesupport_introspection_c/turtlesim/srv/detail/kill__type_support.c.o[0m
[2.964s] [ 57%] [32mBuilding CXX object CMakeFiles/turtlesim__rosidl_typesupport_fastrtps_c.dir/rosidl_typesupport_fastrtps_c/turtlesim/msg/detail/pose__type_support_c.cpp.o[0m
[2.964s] [ 58%] [32mBuilding C object CMakeFiles/turtlesim__rosidl_typesupport_introspection_c.dir/rosidl_typesupport_introspection_c/turtlesim/srv/detail/set_pen__type_support.c.o[0m
[2.999s] [ 59%] [32mBuilding C object CMakeFiles/turtlesim__rosidl_typesupport_introspection_c.dir/rosidl_typesupport_introspection_c/turtlesim/srv/detail/spawn__type_support.c.o[0m
[3.009s] [ 60%] [32mBuilding CXX object CMakeFiles/turtlesim__rosidl_typesupport_fastrtps_cpp.dir/rosidl_typesupport_fastrtps_cpp/turtlesim/srv/detail/dds_fastrtps/kill__type_support.cpp.o[0m
[3.036s] [ 61%] [32mBuilding C object CMakeFiles/turtlesim__rosidl_typesupport_introspection_c.dir/rosidl_typesupport_introspection_c/turtlesim/srv/detail/teleport_absolute__type_support.c.o[0m
[3.048s] [ 62%] [32mBuilding CXX object CMakeFiles/turtlesim__rosidl_typesupport_fastrtps_cpp.dir/rosidl_typesupport_fastrtps_cpp/turtlesim/srv/detail/dds_fastrtps/set_pen__type_support.cpp.o[0m
[3.066s] [ 63%] [32mBuilding CXX object CMakeFiles/turtlesim__rosidl_typesupport_fastrtps_cpp.dir/rosidl_typesupport_fastrtps_cpp/turtlesim/srv/detail/dds_fastrtps/spawn__type_support.cpp.o[0m
[3.073s] [ 64%] [32mBuilding C object CMakeFiles/turtlesim__rosidl_typesupport_introspection_c.dir/rosidl_typesupport_introspection_c/turtlesim/srv/detail/teleport_relative__type_support.c.o[0m
[3.103s] [ 65%] [32mBuilding CXX object CMakeFiles/turtlesim__rosidl_typesupport_fastrtps_cpp.dir/rosidl_typesupport_fastrtps_cpp/turtlesim/srv/detail/dds_fastrtps/teleport_absolute__type_support.cpp.o[0m
[3.112s] [ 67%] [32mBuilding CXX object CMakeFiles/turtlesim__rosidl_typesupport_fastrtps_c.dir/rosidl_typesupport_fastrtps_c/turtlesim/srv/detail/kill__type_support_c.cpp.o[0m
[3.112s] [ 67%] [32m[1mLinking C shared library libturtlesim__rosidl_typesupport_introspection_c.so[0m
[3.113s] [ 68%] [32m[1mLinking CXX shared library libturtlesim__rosidl_typesupport_introspection_cpp.so[0m
[3.140s] [ 69%] [32mBuilding CXX object CMakeFiles/turtlesim_node.dir/src/turtle_frame.cpp.o[0m
[3.164s] [ 69%] Built target turtlesim__rosidl_typesupport_introspection_c
[3.188s] [ 70%] [32mBuilding CXX object CMakeFiles/draw_square.dir/tutorials/draw_square.cpp.o[0m
[3.188s] [ 70%] Built target turtlesim__rosidl_typesupport_introspection_cpp
[3.197s] [ 71%] [32mBuilding CXX object CMakeFiles/turtlesim__rosidl_typesupport_fastrtps_cpp.dir/rosidl_typesupport_fastrtps_cpp/turtlesim/srv/detail/dds_fastrtps/teleport_relative__type_support.cpp.o[0m
[3.257s] [ 72%] [32mBuilding CXX object CMakeFiles/turtlesim__rosidl_typesupport_fastrtps_c.dir/rosidl_typesupport_fastrtps_c/turtlesim/srv/detail/set_pen__type_support_c.cpp.o[0m
[3.310s] [ 73%] [32mBuilding CXX object CMakeFiles/turtlesim__rosidl_typesupport_fastrtps_c.dir/rosidl_typesupport_fastrtps_c/turtlesim/srv/detail/spawn__type_support_c.cpp.o[0m
[3.368s] [ 74%] [32mBuilding CXX object CMakeFiles/turtlesim__rosidl_typesupport_fastrtps_c.dir/rosidl_typesupport_fastrtps_c/turtlesim/srv/detail/teleport_absolute__type_support_c.cpp.o[0m
[3.375s] [ 75%] [32mBuilding CXX object CMakeFiles/turtlesim__rosidl_typesupport_fastrtps_c.dir/rosidl_typesupport_fastrtps_c/turtlesim/srv/detail/teleport_relative__type_support_c.cpp.o[0m
[3.379s] [ 76%] [32mBuilding CXX object CMakeFiles/turtlesim_node.dir/include/turtlesim/moc_turtle_frame.cpp.o[0m
[3.422s] [ 77%] [32mBuilding CXX object CMakeFiles/mimic.dir/tutorials/mimic.cpp.o[0m
[3.517s] [ 78%] [32m[1mLinking CXX shared library libturtlesim__rosidl_typesupport_fastrtps_cpp.so[0m
[3.591s] [ 78%] Built target turtlesim__rosidl_typesupport_fastrtps_cpp
[3.643s] [ 79%] [32m[1mLinking CXX shared library libturtlesim__rosidl_typesupport_fastrtps_c.so[0m
[3.707s] [ 79%] Built target turtlesim__rosidl_typesupport_fastrtps_c
[3.722s] [ 79%] Built target turtlesim
[3.736s] [ 80%] [34m[1mGenerating Python code for ROS interfaces[0m
[4.557s] [ 80%] Built target turtlesim__py
[4.574s] [ 83%] [32mBuilding C object CMakeFiles/turtlesim__rosidl_generator_py.dir/rosidl_generator_py/turtlesim/msg/_color_s.c.o[0m
[4.574s] [ 84%] [32mBuilding C object CMakeFiles/turtlesim__rosidl_generator_py.dir/rosidl_generator_py/turtlesim/action/_rotate_absolute_s.c.o[0m
[4.574s] [ 84%] [32mBuilding C object CMakeFiles/turtlesim__rosidl_generator_py.dir/rosidl_generator_py/turtlesim/srv/_set_pen_s.c.o[0m
[4.574s] [ 85%] [32mBuilding C object CMakeFiles/turtlesim__rosidl_generator_py.dir/rosidl_generator_py/turtlesim/srv/_kill_s.c.o[0m
[4.575s] [ 83%] [32mBuilding C object CMakeFiles/turtlesim__rosidl_generator_py.dir/rosidl_generator_py/turtlesim/msg/_pose_s.c.o[0m
[4.675s] [ 86%] [32mBuilding C object CMakeFiles/turtlesim__rosidl_generator_py.dir/rosidl_generator_py/turtlesim/srv/_spawn_s.c.o[0m
[4.676s] [ 87%] [32mBuilding C object CMakeFiles/turtlesim__rosidl_generator_py.dir/rosidl_generator_py/turtlesim/srv/_teleport_absolute_s.c.o[0m
[4.676s] [ 88%] [32mBuilding C object CMakeFiles/turtlesim__rosidl_generator_py.dir/rosidl_generator_py/turtlesim/srv/_teleport_relative_s.c.o[0m
[4.765s] [ 89%] [32m[1mLinking C shared library rosidl_generator_py/turtlesim/libturtlesim__rosidl_generator_py.so[0m
[4.794s] [ 89%] Built target turtlesim__rosidl_generator_py
[4.810s] [ 90%] [32mBuilding C object CMakeFiles/turtlesim__rosidl_typesupport_c__pyext.dir/rosidl_generator_py/turtlesim/_turtlesim_s.ep.rosidl_typesupport_c.c.o[0m
[4.810s] [ 91%] [32mBuilding C object CMakeFiles/turtlesim__rosidl_typesupport_fastrtps_c__pyext.dir/rosidl_generator_py/turtlesim/_turtlesim_s.ep.rosidl_typesupport_fastrtps_c.c.o[0m
[4.810s] [ 92%] [32mBuilding C object CMakeFiles/turtlesim__rosidl_typesupport_introspection_c__pyext.dir/rosidl_generator_py/turtlesim/_turtlesim_s.ep.rosidl_typesupport_introspection_c.c.o[0m
[4.903s] [ 93%] [32m[1mLinking C shared library rosidl_generator_py/turtlesim/turtlesim_s__rosidl_typesupport_fastrtps_c.cpython-310-x86_64-linux-gnu.so[0m
[4.931s] [ 93%] Built target turtlesim__rosidl_typesupport_fastrtps_c__pyext
[4.940s] [ 94%] [32m[1mLinking C shared library rosidl_generator_py/turtlesim/turtlesim_s__rosidl_typesupport_c.cpython-310-x86_64-linux-gnu.so[0m
[4.942s] [ 95%] [32m[1mLinking C shared library rosidl_generator_py/turtlesim/turtlesim_s__rosidl_typesupport_introspection_c.cpython-310-x86_64-linux-gnu.so[0m
[4.967s] [ 95%] Built target turtlesim__rosidl_typesupport_c__pyext
[4.973s] [ 95%] Built target turtlesim__rosidl_typesupport_introspection_c__pyext
[7.039s] [ 96%] [32m[1mLinking CXX executable turtle_teleop_key[0m
[7.175s] [ 96%] Built target turtle_teleop_key
[8.295s] [ 97%] [32m[1mLinking CXX executable mimic[0m
[8.502s] [ 97%] Built target mimic
[8.803s] [ 98%] [32m[1mLinking CXX executable draw_square[0m
[9.030s] [ 98%] Built target draw_square
[10.596s] [100%] [32m[1mLinking CXX executable turtlesim_node[0m
[11.491s] [100%] Built target turtlesim_node
[11.499s] Invoked command in '/home/kevin/Documents/Master/2_Semester/Spez/walle_ws/build/turtlesim' returned '0': CMAKE_PREFIX_PATH=${CMAKE_PREFIX_PATH}:/home/kevin/ros2_ws/install/launch_testing_examples:/home/kevin/ros2_ws/install/examples_rclpy_pointcloud_publisher:/home/kevin/ros2_ws/install/examples_rclpy_minimal_subscriber:/home/kevin/ros2_ws/install/examples_rclpy_minimal_service:/home/kevin/ros2_ws/install/examples_rclpy_minimal_publisher:/home/kevin/ros2_ws/install/examples_rclpy_minimal_client:/home/kevin/ros2_ws/install/examples_rclpy_minimal_action_server:/home/kevin/ros2_ws/install/examples_rclpy_minimal_action_client:/home/kevin/ros2_ws/install/examples_rclpy_guard_conditions:/home/kevin/ros2_ws/install/examples_rclpy_executors:/opt/ros/humble /usr/bin/cmake --build /home/kevin/Documents/Master/2_Semester/Spez/walle_ws/build/turtlesim -- -j12 -l12
[11.658s] Invoking command in '/home/kevin/Documents/Master/2_Semester/Spez/walle_ws/build/turtlesim': CMAKE_PREFIX_PATH=${CMAKE_PREFIX_PATH}:/home/kevin/ros2_ws/install/launch_testing_examples:/home/kevin/ros2_ws/install/examples_rclpy_pointcloud_publisher:/home/kevin/ros2_ws/install/examples_rclpy_minimal_subscriber:/home/kevin/ros2_ws/install/examples_rclpy_minimal_service:/home/kevin/ros2_ws/install/examples_rclpy_minimal_publisher:/home/kevin/ros2_ws/install/examples_rclpy_minimal_client:/home/kevin/ros2_ws/install/examples_rclpy_minimal_action_server:/home/kevin/ros2_ws/install/examples_rclpy_minimal_action_client:/home/kevin/ros2_ws/install/examples_rclpy_guard_conditions:/home/kevin/ros2_ws/install/examples_rclpy_executors:/opt/ros/humble /usr/bin/cmake --install /home/kevin/Documents/Master/2_Semester/Spez/walle_ws/build/turtlesim
[11.662s] -- Install configuration: ""
[11.662s] -- Installing: /home/kevin/Documents/Master/2_Semester/Spez/walle_ws/install/turtlesim/share/ament_index/resource_index/rosidl_interfaces/turtlesim
[11.663s] -- Installing: /home/kevin/Documents/Master/2_Semester/Spez/walle_ws/install/turtlesim/include/turtlesim/turtlesim
[11.663s] -- Installing: /home/kevin/Documents/Master/2_Semester/Spez/walle_ws/install/turtlesim/include/turtlesim/turtlesim/action
[11.663s] -- Installing: /home/kevin/Documents/Master/2_Semester/Spez/walle_ws/install/turtlesim/include/turtlesim/turtlesim/action/detail
[11.663s] -- Installing: /home/kevin/Documents/Master/2_Semester/Spez/walle_ws/install/turtlesim/include/turtlesim/turtlesim/action/detail/rotate_absolute__type_support.h
[11.663s] -- Installing: /home/kevin/Documents/Master/2_Semester/Spez/walle_ws/install/turtlesim/include/turtlesim/turtlesim/action/detail/rotate_absolute__functions.h
[11.663s] -- Installing: /home/kevin/Documents/Master/2_Semester/Spez/walle_ws/install/turtlesim/include/turtlesim/turtlesim/action/detail/rotate_absolute__functions.c
[11.663s] -- Installing: /home/kevin/Documents/Master/2_Semester/Spez/walle_ws/install/turtlesim/include/turtlesim/turtlesim/action/detail/rotate_absolute__struct.h
[11.663s] -- Installing: /home/kevin/Documents/Master/2_Semester/Spez/walle_ws/install/turtlesim/include/turtlesim/turtlesim/action/rotate_absolute.h
[11.663s] -- Installing: /home/kevin/Documents/Master/2_Semester/Spez/walle_ws/install/turtlesim/include/turtlesim/turtlesim/srv
[11.663s] -- Installing: /home/kevin/Documents/Master/2_Semester/Spez/walle_ws/install/turtlesim/include/turtlesim/turtlesim/srv/teleport_relative.h
[11.663s] -- Installing: /home/kevin/Documents/Master/2_Semester/Spez/walle_ws/install/turtlesim/include/turtlesim/turtlesim/srv/spawn.h
[11.664s] -- Installing: /home/kevin/Documents/Master/2_Semester/Spez/walle_ws/install/turtlesim/include/turtlesim/turtlesim/srv/kill.h
[11.664s] -- Installing: /home/kevin/Documents/Master/2_Semester/Spez/walle_ws/install/turtlesim/include/turtlesim/turtlesim/srv/detail
[11.664s] -- Installing: /home/kevin/Documents/Master/2_Semester/Spez/walle_ws/install/turtlesim/include/turtlesim/turtlesim/srv/detail/teleport_absolute__type_support.h
[11.664s] -- Installing: /home/kevin/Documents/Master/2_Semester/Spez/walle_ws/install/turtlesim/include/turtlesim/turtlesim/srv/detail/set_pen__struct.h
[11.664s] -- Installing: /home/kevin/Documents/Master/2_Semester/Spez/walle_ws/install/turtlesim/include/turtlesim/turtlesim/srv/detail/teleport_absolute__functions.c
[11.664s] -- Installing: /home/kevin/Documents/Master/2_Semester/Spez/walle_ws/install/turtlesim/include/turtlesim/turtlesim/srv/detail/kill__struct.h
[11.664s] -- Installing: /home/kevin/Documents/Master/2_Semester/Spez/walle_ws/install/turtlesim/include/turtlesim/turtlesim/srv/detail/teleport_relative__struct.h
[11.664s] -- Installing: /home/kevin/Documents/Master/2_Semester/Spez/walle_ws/install/turtlesim/include/turtlesim/turtlesim/srv/detail/spawn__functions.c
[11.664s] -- Installing: /home/kevin/Documents/Master/2_Semester/Spez/walle_ws/install/turtlesim/include/turtlesim/turtlesim/srv/detail/set_pen__functions.h
[11.664s] -- Installing: /home/kevin/Documents/Master/2_Semester/Spez/walle_ws/install/turtlesim/include/turtlesim/turtlesim/srv/detail/spawn__struct.h
[11.664s] -- Installing: /home/kevin/Documents/Master/2_Semester/Spez/walle_ws/install/turtlesim/include/turtlesim/turtlesim/srv/detail/teleport_absolute__functions.h
[11.664s] -- Installing: /home/kevin/Documents/Master/2_Semester/Spez/walle_ws/install/turtlesim/include/turtlesim/turtlesim/srv/detail/set_pen__functions.c
[11.664s] -- Installing: /home/kevin/Documents/Master/2_Semester/Spez/walle_ws/install/turtlesim/include/turtlesim/turtlesim/srv/detail/spawn__type_support.h
[11.665s] -- Installing: /home/kevin/Documents/Master/2_Semester/Spez/walle_ws/install/turtlesim/include/turtlesim/turtlesim/srv/detail/teleport_relative__type_support.h
[11.665s] -- Installing: /home/kevin/Documents/Master/2_Semester/Spez/walle_ws/install/turtlesim/include/turtlesim/turtlesim/srv/detail/teleport_absolute__struct.h
[11.665s] -- Installing: /home/kevin/Documents/Master/2_Semester/Spez/walle_ws/install/turtlesim/include/turtlesim/turtlesim/srv/detail/spawn__functions.h
[11.665s] -- Installing: /home/kevin/Documents/Master/2_Semester/Spez/walle_ws/install/turtlesim/include/turtlesim/turtlesim/srv/detail/teleport_relative__functions.c
[11.665s] -- Installing: /home/kevin/Documents/Master/2_Semester/Spez/walle_ws/install/turtlesim/include/turtlesim/turtlesim/srv/detail/kill__functions.h
[11.665s] -- Installing: /home/kevin/Documents/Master/2_Semester/Spez/walle_ws/install/turtlesim/include/turtlesim/turtlesim/srv/detail/set_pen__type_support.h
[11.665s] -- Installing: /home/kevin/Documents/Master/2_Semester/Spez/walle_ws/install/turtlesim/include/turtlesim/turtlesim/srv/detail/kill__type_support.h
[11.665s] -- Installing: /home/kevin/Documents/Master/2_Semester/Spez/walle_ws/install/turtlesim/include/turtlesim/turtlesim/srv/detail/kill__functions.c
[11.665s] -- Installing: /home/kevin/Documents/Master/2_Semester/Spez/walle_ws/install/turtlesim/include/turtlesim/turtlesim/srv/detail/teleport_relative__functions.h
[11.665s] -- Installing: /home/kevin/Documents/Master/2_Semester/Spez/walle_ws/install/turtlesim/include/turtlesim/turtlesim/srv/set_pen.h
[11.665s] -- Installing: /home/kevin/Documents/Master/2_Semester/Spez/walle_ws/install/turtlesim/include/turtlesim/turtlesim/srv/teleport_absolute.h
[11.665s] -- Installing: /home/kevin/Documents/Master/2_Semester/Spez/walle_ws/install/turtlesim/include/turtlesim/turtlesim/msg
[11.665s] -- Installing: /home/kevin/Documents/Master/2_Semester/Spez/walle_ws/install/turtlesim/include/turtlesim/turtlesim/msg/rosidl_generator_c__visibility_control.h
[11.666s] -- Installing: /home/kevin/Documents/Master/2_Semester/Spez/walle_ws/install/turtlesim/include/turtlesim/turtlesim/msg/detail
[11.666s] -- Installing: /home/kevin/Documents/Master/2_Semester/Spez/walle_ws/install/turtlesim/include/turtlesim/turtlesim/msg/detail/pose__struct.h
[11.666s] -- Installing: /home/kevin/Documents/Master/2_Semester/Spez/walle_ws/install/turtlesim/include/turtlesim/turtlesim/msg/detail/pose__type_support.h
[11.666s] -- Installing: /home/kevin/Documents/Master/2_Semester/Spez/walle_ws/install/turtlesim/include/turtlesim/turtlesim/msg/detail/pose__functions.c
[11.666s] -- Installing: /home/kevin/Documents/Master/2_Semester/Spez/walle_ws/install/turtlesim/include/turtlesim/turtlesim/msg/detail/pose__functions.h
[11.666s] -- Installing: /home/kevin/Documents/Master/2_Semester/Spez/walle_ws/install/turtlesim/include/turtlesim/turtlesim/msg/detail/color__struct.h
[11.666s] -- Installing: /home/kevin/Documents/Master/2_Semester/Spez/walle_ws/install/turtlesim/include/turtlesim/turtlesim/msg/detail/color__type_support.h
[11.666s] -- Installing: /home/kevin/Documents/Master/2_Semester/Spez/walle_ws/install/turtlesim/include/turtlesim/turtlesim/msg/detail/color__functions.h
[11.666s] -- Installing: /home/kevin/Documents/Master/2_Semester/Spez/walle_ws/install/turtlesim/include/turtlesim/turtlesim/msg/detail/color__functions.c
[11.666s] -- Installing: /home/kevin/Documents/Master/2_Semester/Spez/walle_ws/install/turtlesim/include/turtlesim/turtlesim/msg/pose.h
[11.666s] -- Installing: /home/kevin/Documents/Master/2_Semester/Spez/walle_ws/install/turtlesim/include/turtlesim/turtlesim/msg/color.h
[11.666s] -- Installing: /home/kevin/Documents/Master/2_Semester/Spez/walle_ws/install/turtlesim/share/turtlesim/environment/library_path.sh
[11.666s] -- Installing: /home/kevin/Documents/Master/2_Semester/Spez/walle_ws/install/turtlesim/share/turtlesim/environment/library_path.dsv
[11.667s] -- Installing: /home/kevin/Documents/Master/2_Semester/Spez/walle_ws/install/turtlesim/lib/libturtlesim__rosidl_generator_c.so
[11.667s] -- Set runtime path of "/home/kevin/Documents/Master/2_Semester/Spez/walle_ws/install/turtlesim/lib/libturtlesim__rosidl_generator_c.so" to ""
[11.667s] -- Up-to-date: /home/kevin/Documents/Master/2_Semester/Spez/walle_ws/install/turtlesim/include/turtlesim/turtlesim
[11.667s] -- Up-to-date: /home/kevin/Documents/Master/2_Semester/Spez/walle_ws/install/turtlesim/include/turtlesim/turtlesim/action
[11.667s] -- Up-to-date: /home/kevin/Documents/Master/2_Semester/Spez/walle_ws/install/turtlesim/include/turtlesim/turtlesim/action/detail
[11.667s] -- Installing: /home/kevin/Documents/Master/2_Semester/Spez/walle_ws/install/turtlesim/include/turtlesim/turtlesim/action/detail/rotate_absolute__rosidl_typesupport_fastrtps_c.h
[11.667s] -- Up-to-date: /home/kevin/Documents/Master/2_Semester/Spez/walle_ws/install/turtlesim/include/turtlesim/turtlesim/srv
[11.667s] -- Up-to-date: /home/kevin/Documents/Master/2_Semester/Spez/walle_ws/install/turtlesim/include/turtlesim/turtlesim/srv/detail
[11.667s] -- Installing: /home/kevin/Documents/Master/2_Semester/Spez/walle_ws/install/turtlesim/include/turtlesim/turtlesim/srv/detail/spawn__rosidl_typesupport_fastrtps_c.h
[11.667s] -- Installing: /home/kevin/Documents/Master/2_Semester/Spez/walle_ws/install/turtlesim/include/turtlesim/turtlesim/srv/detail/kill__rosidl_typesupport_fastrtps_c.h
[11.667s] -- Installing: /home/kevin/Documents/Master/2_Semester/Spez/walle_ws/install/turtlesim/include/turtlesim/turtlesim/srv/detail/set_pen__rosidl_typesupport_fastrtps_c.h
[11.667s] -- Installing: /home/kevin/Documents/Master/2_Semester/Spez/walle_ws/install/turtlesim/include/turtlesim/turtlesim/srv/detail/teleport_relative__rosidl_typesupport_fastrtps_c.h
[11.667s] -- Installing: /home/kevin/Documents/Master/2_Semester/Spez/walle_ws/install/turtlesim/include/turtlesim/turtlesim/srv/detail/teleport_absolute__rosidl_typesupport_fastrtps_c.h
[11.668s] -- Up-to-date: /home/kevin/Documents/Master/2_Semester/Spez/walle_ws/install/turtlesim/include/turtlesim/turtlesim/msg
[11.668s] -- Installing: /home/kevin/Documents/Master/2_Semester/Spez/walle_ws/install/turtlesim/include/turtlesim/turtlesim/msg/rosidl_typesupport_fastrtps_c__visibility_control.h
[11.668s] -- Up-to-date: /home/kevin/Documents/Master/2_Semester/Spez/walle_ws/install/turtlesim/include/turtlesim/turtlesim/msg/detail
[11.668s] -- Installing: /home/kevin/Documents/Master/2_Semester/Spez/walle_ws/install/turtlesim/include/turtlesim/turtlesim/msg/detail/color__rosidl_typesupport_fastrtps_c.h
[11.668s] -- Installing: /home/kevin/Documents/Master/2_Semester/Spez/walle_ws/install/turtlesim/include/turtlesim/turtlesim/msg/detail/pose__rosidl_typesupport_fastrtps_c.h
[11.668s] -- Installing: /home/kevin/Documents/Master/2_Semester/Spez/walle_ws/install/turtlesim/lib/libturtlesim__rosidl_typesupport_fastrtps_c.so
[11.668s] -- Set runtime path of "/home/kevin/Documents/Master/2_Semester/Spez/walle_ws/install/turtlesim/lib/libturtlesim__rosidl_typesupport_fastrtps_c.so" to ""
[11.668s] -- Up-to-date: /home/kevin/Documents/Master/2_Semester/Spez/walle_ws/install/turtlesim/include/turtlesim/turtlesim
[11.668s] -- Up-to-date: /home/kevin/Documents/Master/2_Semester/Spez/walle_ws/install/turtlesim/include/turtlesim/turtlesim/action
[11.668s] -- Up-to-date: /home/kevin/Documents/Master/2_Semester/Spez/walle_ws/install/turtlesim/include/turtlesim/turtlesim/action/detail
[11.668s] -- Installing: /home/kevin/Documents/Master/2_Semester/Spez/walle_ws/install/turtlesim/include/turtlesim/turtlesim/action/detail/rotate_absolute__traits.hpp
[11.668s] -- Installing: /home/kevin/Documents/Master/2_Semester/Spez/walle_ws/install/turtlesim/include/turtlesim/turtlesim/action/detail/rotate_absolute__struct.hpp
[11.668s] -- Installing: /home/kevin/Documents/Master/2_Semester/Spez/walle_ws/install/turtlesim/include/turtlesim/turtlesim/action/detail/rotate_absolute__builder.hpp
[11.668s] -- Installing: /home/kevin/Documents/Master/2_Semester/Spez/walle_ws/install/turtlesim/include/turtlesim/turtlesim/action/rotate_absolute.hpp
[11.669s] -- Up-to-date: /home/kevin/Documents/Master/2_Semester/Spez/walle_ws/install/turtlesim/include/turtlesim/turtlesim/srv
[11.669s] -- Installing: /home/kevin/Documents/Master/2_Semester/Spez/walle_ws/install/turtlesim/include/turtlesim/turtlesim/srv/set_pen.hpp
[11.669s] -- Installing: /home/kevin/Documents/Master/2_Semester/Spez/walle_ws/install/turtlesim/include/turtlesim/turtlesim/srv/kill.hpp
[11.669s] -- Up-to-date: /home/kevin/Documents/Master/2_Semester/Spez/walle_ws/install/turtlesim/include/turtlesim/turtlesim/srv/detail
[11.669s] -- Installing: /home/kevin/Documents/Master/2_Semester/Spez/walle_ws/install/turtlesim/include/turtlesim/turtlesim/srv/detail/teleport_absolute__struct.hpp
[11.669s] -- Installing: /home/kevin/Documents/Master/2_Semester/Spez/walle_ws/install/turtlesim/include/turtlesim/turtlesim/srv/detail/kill__struct.hpp
[11.669s] -- Installing: /home/kevin/Documents/Master/2_Semester/Spez/walle_ws/install/turtlesim/include/turtlesim/turtlesim/srv/detail/set_pen__traits.hpp
[11.669s] -- Installing: /home/kevin/Documents/Master/2_Semester/Spez/walle_ws/install/turtlesim/include/turtlesim/turtlesim/srv/detail/teleport_relative__struct.hpp
[11.669s] -- Installing: /home/kevin/Documents/Master/2_Semester/Spez/walle_ws/install/turtlesim/include/turtlesim/turtlesim/srv/detail/teleport_relative__traits.hpp
[11.669s] -- Installing: /home/kevin/Documents/Master/2_Semester/Spez/walle_ws/install/turtlesim/include/turtlesim/turtlesim/srv/detail/set_pen__struct.hpp
[11.669s] -- Installing: /home/kevin/Documents/Master/2_Semester/Spez/walle_ws/install/turtlesim/include/turtlesim/turtlesim/srv/detail/spawn__struct.hpp
[11.669s] -- Installing: /home/kevin/Documents/Master/2_Semester/Spez/walle_ws/install/turtlesim/include/turtlesim/turtlesim/srv/detail/teleport_relative__builder.hpp
[11.669s] -- Installing: /home/kevin/Documents/Master/2_Semester/Spez/walle_ws/install/turtlesim/include/turtlesim/turtlesim/srv/detail/teleport_absolute__builder.hpp
[11.669s] -- Installing: /home/kevin/Documents/Master/2_Semester/Spez/walle_ws/install/turtlesim/include/turtlesim/turtlesim/srv/detail/set_pen__builder.hpp
[11.670s] -- Installing: /home/kevin/Documents/Master/2_Semester/Spez/walle_ws/install/turtlesim/include/turtlesim/turtlesim/srv/detail/teleport_absolute__traits.hpp
[11.670s] -- Installing: /home/kevin/Documents/Master/2_Semester/Spez/walle_ws/install/turtlesim/include/turtlesim/turtlesim/srv/detail/kill__traits.hpp
[11.670s] -- Installing: /home/kevin/Documents/Master/2_Semester/Spez/walle_ws/install/turtlesim/include/turtlesim/turtlesim/srv/detail/spawn__builder.hpp
[11.670s] -- Installing: /home/kevin/Documents/Master/2_Semester/Spez/walle_ws/install/turtlesim/include/turtlesim/turtlesim/srv/detail/kill__builder.hpp
[11.670s] -- Installing: /home/kevin/Documents/Master/2_Semester/Spez/walle_ws/install/turtlesim/include/turtlesim/turtlesim/srv/detail/spawn__traits.hpp
[11.670s] -- Installing: /home/kevin/Documents/Master/2_Semester/Spez/walle_ws/install/turtlesim/include/turtlesim/turtlesim/srv/teleport_absolute.hpp
[11.670s] -- Installing: /home/kevin/Documents/Master/2_Semester/Spez/walle_ws/install/turtlesim/include/turtlesim/turtlesim/srv/spawn.hpp
[11.670s] -- Installing: /home/kevin/Documents/Master/2_Semester/Spez/walle_ws/install/turtlesim/include/turtlesim/turtlesim/srv/teleport_relative.hpp
[11.670s] -- Up-to-date: /home/kevin/Documents/Master/2_Semester/Spez/walle_ws/install/turtlesim/include/turtlesim/turtlesim/msg
[11.670s] -- Installing: /home/kevin/Documents/Master/2_Semester/Spez/walle_ws/install/turtlesim/include/turtlesim/turtlesim/msg/color.hpp
[11.670s] -- Up-to-date: /home/kevin/Documents/Master/2_Semester/Spez/walle_ws/install/turtlesim/include/turtlesim/turtlesim/msg/detail
[11.670s] -- Installing: /home/kevin/Documents/Master/2_Semester/Spez/walle_ws/install/turtlesim/include/turtlesim/turtlesim/msg/detail/pose__struct.hpp
[11.670s] -- Installing: /home/kevin/Documents/Master/2_Semester/Spez/walle_ws/install/turtlesim/include/turtlesim/turtlesim/msg/detail/pose__builder.hpp
[11.670s] -- Installing: /home/kevin/Documents/Master/2_Semester/Spez/walle_ws/install/turtlesim/include/turtlesim/turtlesim/msg/detail/color__struct.hpp
[11.670s] -- Installing: /home/kevin/Documents/Master/2_Semester/Spez/walle_ws/install/turtlesim/include/turtlesim/turtlesim/msg/detail/pose__traits.hpp
[11.671s] -- Installing: /home/kevin/Documents/Master/2_Semester/Spez/walle_ws/install/turtlesim/include/turtlesim/turtlesim/msg/detail/color__builder.hpp
[11.671s] -- Installing: /home/kevin/Documents/Master/2_Semester/Spez/walle_ws/install/turtlesim/include/turtlesim/turtlesim/msg/detail/color__traits.hpp
[11.671s] -- Installing: /home/kevin/Documents/Master/2_Semester/Spez/walle_ws/install/turtlesim/include/turtlesim/turtlesim/msg/pose.hpp
[11.671s] -- Up-to-date: /home/kevin/Documents/Master/2_Semester/Spez/walle_ws/install/turtlesim/include/turtlesim/turtlesim
[11.671s] -- Up-to-date: /home/kevin/Documents/Master/2_Semester/Spez/walle_ws/install/turtlesim/include/turtlesim/turtlesim/action
[11.671s] -- Up-to-date: /home/kevin/Documents/Master/2_Semester/Spez/walle_ws/install/turtlesim/include/turtlesim/turtlesim/action/detail
[11.671s] -- Installing: /home/kevin/Documents/Master/2_Semester/Spez/walle_ws/install/turtlesim/include/turtlesim/turtlesim/action/detail/dds_fastrtps
[11.671s] -- Installing: /home/kevin/Documents/Master/2_Semester/Spez/walle_ws/install/turtlesim/include/turtlesim/turtlesim/action/detail/rotate_absolute__rosidl_typesupport_fastrtps_cpp.hpp
[11.671s] -- Up-to-date: /home/kevin/Documents/Master/2_Semester/Spez/walle_ws/install/turtlesim/include/turtlesim/turtlesim/srv
[11.671s] -- Up-to-date: /home/kevin/Documents/Master/2_Semester/Spez/walle_ws/install/turtlesim/include/turtlesim/turtlesim/srv/detail
[11.671s] -- Installing: /home/kevin/Documents/Master/2_Semester/Spez/walle_ws/install/turtlesim/include/turtlesim/turtlesim/srv/detail/dds_fastrtps
[11.671s] -- Installing: /home/kevin/Documents/Master/2_Semester/Spez/walle_ws/install/turtlesim/include/turtlesim/turtlesim/srv/detail/spawn__rosidl_typesupport_fastrtps_cpp.hpp
[11.671s] -- Installing: /home/kevin/Documents/Master/2_Semester/Spez/walle_ws/install/turtlesim/include/turtlesim/turtlesim/srv/detail/teleport_absolute__rosidl_typesupport_fastrtps_cpp.hpp
[11.671s] -- Installing: /home/kevin/Documents/Master/2_Semester/Spez/walle_ws/install/turtlesim/include/turtlesim/turtlesim/srv/detail/set_pen__rosidl_typesupport_fastrtps_cpp.hpp
[11.671s] -- Installing: /home/kevin/Documents/Master/2_Semester/Spez/walle_ws/install/turtlesim/include/turtlesim/turtlesim/srv/detail/teleport_relative__rosidl_typesupport_fastrtps_cpp.hpp
[11.671s] -- Installing: /home/kevin/Documents/Master/2_Semester/Spez/walle_ws/install/turtlesim/include/turtlesim/turtlesim/srv/detail/kill__rosidl_typesupport_fastrtps_cpp.hpp
[11.672s] -- Up-to-date: /home/kevin/Documents/Master/2_Semester/Spez/walle_ws/install/turtlesim/include/turtlesim/turtlesim/msg
[11.672s] -- Up-to-date: /home/kevin/Documents/Master/2_Semester/Spez/walle_ws/install/turtlesim/include/turtlesim/turtlesim/msg/detail
[11.672s] -- Installing: /home/kevin/Documents/Master/2_Semester/Spez/walle_ws/install/turtlesim/include/turtlesim/turtlesim/msg/detail/dds_fastrtps
[11.672s] -- Installing: /home/kevin/Documents/Master/2_Semester/Spez/walle_ws/install/turtlesim/include/turtlesim/turtlesim/msg/detail/color__rosidl_typesupport_fastrtps_cpp.hpp
[11.672s] -- Installing: /home/kevin/Documents/Master/2_Semester/Spez/walle_ws/install/turtlesim/include/turtlesim/turtlesim/msg/detail/pose__rosidl_typesupport_fastrtps_cpp.hpp
[11.672s] -- Installing: /home/kevin/Documents/Master/2_Semester/Spez/walle_ws/install/turtlesim/include/turtlesim/turtlesim/msg/rosidl_typesupport_fastrtps_cpp__visibility_control.h
[11.672s] -- Installing: /home/kevin/Documents/Master/2_Semester/Spez/walle_ws/install/turtlesim/lib/libturtlesim__rosidl_typesupport_fastrtps_cpp.so
[11.672s] -- Set runtime path of "/home/kevin/Documents/Master/2_Semester/Spez/walle_ws/install/turtlesim/lib/libturtlesim__rosidl_typesupport_fastrtps_cpp.so" to ""
[11.672s] -- Up-to-date: /home/kevin/Documents/Master/2_Semester/Spez/walle_ws/install/turtlesim/include/turtlesim/turtlesim
[11.672s] -- Up-to-date: /home/kevin/Documents/Master/2_Semester/Spez/walle_ws/install/turtlesim/include/turtlesim/turtlesim/action
[11.672s] -- Up-to-date: /home/kevin/Documents/Master/2_Semester/Spez/walle_ws/install/turtlesim/include/turtlesim/turtlesim/action/detail
[11.672s] -- Installing: /home/kevin/Documents/Master/2_Semester/Spez/walle_ws/install/turtlesim/include/turtlesim/turtlesim/action/detail/rotate_absolute__rosidl_typesupport_introspection_c.h
[11.672s] -- Installing: /home/kevin/Documents/Master/2_Semester/Spez/walle_ws/install/turtlesim/include/turtlesim/turtlesim/action/detail/rotate_absolute__type_support.c
[11.672s] -- Up-to-date: /home/kevin/Documents/Master/2_Semester/Spez/walle_ws/install/turtlesim/include/turtlesim/turtlesim/srv
[11.672s] -- Up-to-date: /home/kevin/Documents/Master/2_Semester/Spez/walle_ws/install/turtlesim/include/turtlesim/turtlesim/srv/detail
[11.673s] -- Installing: /home/kevin/Documents/Master/2_Semester/Spez/walle_ws/install/turtlesim/include/turtlesim/turtlesim/srv/detail/spawn__type_support.c
[11.673s] -- Installing: /home/kevin/Documents/Master/2_Semester/Spez/walle_ws/install/turtlesim/include/turtlesim/turtlesim/srv/detail/teleport_relative__rosidl_typesupport_introspection_c.h
[11.673s] -- Installing: /home/kevin/Documents/Master/2_Semester/Spez/walle_ws/install/turtlesim/include/turtlesim/turtlesim/srv/detail/teleport_absolute__rosidl_typesupport_introspection_c.h
[11.673s] -- Installing: /home/kevin/Documents/Master/2_Semester/Spez/walle_ws/install/turtlesim/include/turtlesim/turtlesim/srv/detail/set_pen__type_support.c
[11.673s] -- Installing: /home/kevin/Documents/Master/2_Semester/Spez/walle_ws/install/turtlesim/include/turtlesim/turtlesim/srv/detail/spawn__rosidl_typesupport_introspection_c.h
[11.673s] -- Installing: /home/kevin/Documents/Master/2_Semester/Spez/walle_ws/install/turtlesim/include/turtlesim/turtlesim/srv/detail/kill__type_support.c
[11.673s] -- Installing: /home/kevin/Documents/Master/2_Semester/Spez/walle_ws/install/turtlesim/include/turtlesim/turtlesim/srv/detail/kill__rosidl_typesupport_introspection_c.h
[11.673s] -- Installing: /home/kevin/Documents/Master/2_Semester/Spez/walle_ws/install/turtlesim/include/turtlesim/turtlesim/srv/detail/teleport_absolute__type_support.c
[11.673s] -- Installing: /home/kevin/Documents/Master/2_Semester/Spez/walle_ws/install/turtlesim/include/turtlesim/turtlesim/srv/detail/teleport_relative__type_support.c
[11.673s] -- Installing: /home/kevin/Documents/Master/2_Semester/Spez/walle_ws/install/turtlesim/include/turtlesim/turtlesim/srv/detail/set_pen__rosidl_typesupport_introspection_c.h
[11.673s] -- Up-to-date: /home/kevin/Documents/Master/2_Semester/Spez/walle_ws/install/turtlesim/include/turtlesim/turtlesim/msg
[11.673s] -- Up-to-date: /home/kevin/Documents/Master/2_Semester/Spez/walle_ws/install/turtlesim/include/turtlesim/turtlesim/msg/detail
[11.673s] -- Installing: /home/kevin/Documents/Master/2_Semester/Spez/walle_ws/install/turtlesim/include/turtlesim/turtlesim/msg/detail/pose__rosidl_typesupport_introspection_c.h
[11.673s] -- Installing: /home/kevin/Documents/Master/2_Semester/Spez/walle_ws/install/turtlesim/include/turtlesim/turtlesim/msg/detail/pose__type_support.c
[11.674s] -- Installing: /home/kevin/Documents/Master/2_Semester/Spez/walle_ws/install/turtlesim/include/turtlesim/turtlesim/msg/detail/color__type_support.c
[11.674s] -- Installing: /home/kevin/Documents/Master/2_Semester/Spez/walle_ws/install/turtlesim/include/turtlesim/turtlesim/msg/detail/color__rosidl_typesupport_introspection_c.h
[11.674s] -- Installing: /home/kevin/Documents/Master/2_Semester/Spez/walle_ws/install/turtlesim/include/turtlesim/turtlesim/msg/rosidl_typesupport_introspection_c__visibility_control.h
[11.674s] -- Installing: /home/kevin/Documents/Master/2_Semester/Spez/walle_ws/install/turtlesim/lib/libturtlesim__rosidl_typesupport_introspection_c.so
[11.674s] -- Set runtime path of "/home/kevin/Documents/Master/2_Semester/Spez/walle_ws/install/turtlesim/lib/libturtlesim__rosidl_typesupport_introspection_c.so" to ""
[11.674s] -- Installing: /home/kevin/Documents/Master/2_Semester/Spez/walle_ws/install/turtlesim/lib/libturtlesim__rosidl_typesupport_c.so
[11.674s] -- Set runtime path of "/home/kevin/Documents/Master/2_Semester/Spez/walle_ws/install/turtlesim/lib/libturtlesim__rosidl_typesupport_c.so" to ""
[11.674s] -- Up-to-date: /home/kevin/Documents/Master/2_Semester/Spez/walle_ws/install/turtlesim/include/turtlesim/turtlesim
[11.674s] -- Up-to-date: /home/kevin/Documents/Master/2_Semester/Spez/walle_ws/install/turtlesim/include/turtlesim/turtlesim/action
[11.674s] -- Up-to-date: /home/kevin/Documents/Master/2_Semester/Spez/walle_ws/install/turtlesim/include/turtlesim/turtlesim/action/detail
[11.674s] -- Installing: /home/kevin/Documents/Master/2_Semester/Spez/walle_ws/install/turtlesim/include/turtlesim/turtlesim/action/detail/rotate_absolute__type_support.cpp
[11.675s] -- Installing: /home/kevin/Documents/Master/2_Semester/Spez/walle_ws/install/turtlesim/include/turtlesim/turtlesim/action/detail/rotate_absolute__rosidl_typesupport_introspection_cpp.hpp
[11.675s] -- Up-to-date: /home/kevin/Documents/Master/2_Semester/Spez/walle_ws/install/turtlesim/include/turtlesim/turtlesim/srv
[11.675s] -- Up-to-date: /home/kevin/Documents/Master/2_Semester/Spez/walle_ws/install/turtlesim/include/turtlesim/turtlesim/srv/detail
[11.675s] -- Installing: /home/kevin/Documents/Master/2_Semester/Spez/walle_ws/install/turtlesim/include/turtlesim/turtlesim/srv/detail/spawn__type_support.cpp
[11.675s] -- Installing: /home/kevin/Documents/Master/2_Semester/Spez/walle_ws/install/turtlesim/include/turtlesim/turtlesim/srv/detail/teleport_absolute__rosidl_typesupport_introspection_cpp.hpp
[11.675s] -- Installing: /home/kevin/Documents/Master/2_Semester/Spez/walle_ws/install/turtlesim/include/turtlesim/turtlesim/srv/detail/kill__rosidl_typesupport_introspection_cpp.hpp
[11.675s] -- Installing: /home/kevin/Documents/Master/2_Semester/Spez/walle_ws/install/turtlesim/include/turtlesim/turtlesim/srv/detail/set_pen__type_support.cpp
[11.675s] -- Installing: /home/kevin/Documents/Master/2_Semester/Spez/walle_ws/install/turtlesim/include/turtlesim/turtlesim/srv/detail/set_pen__rosidl_typesupport_introspection_cpp.hpp
[11.675s] -- Installing: /home/kevin/Documents/Master/2_Semester/Spez/walle_ws/install/turtlesim/include/turtlesim/turtlesim/srv/detail/kill__type_support.cpp
[11.675s] -- Installing: /home/kevin/Documents/Master/2_Semester/Spez/walle_ws/install/turtlesim/include/turtlesim/turtlesim/srv/detail/spawn__rosidl_typesupport_introspection_cpp.hpp
[11.675s] -- Installing: /home/kevin/Documents/Master/2_Semester/Spez/walle_ws/install/turtlesim/include/turtlesim/turtlesim/srv/detail/teleport_relative__rosidl_typesupport_introspection_cpp.hpp
[11.675s] -- Installing: /home/kevin/Documents/Master/2_Semester/Spez/walle_ws/install/turtlesim/include/turtlesim/turtlesim/srv/detail/teleport_absolute__type_support.cpp
[11.675s] -- Installing: /home/kevin/Documents/Master/2_Semester/Spez/walle_ws/install/turtlesim/include/turtlesim/turtlesim/srv/detail/teleport_relative__type_support.cpp
[11.675s] -- Up-to-date: /home/kevin/Documents/Master/2_Semester/Spez/walle_ws/install/turtlesim/include/turtlesim/turtlesim/msg
[11.676s] -- Up-to-date: /home/kevin/Documents/Master/2_Semester/Spez/walle_ws/install/turtlesim/include/turtlesim/turtlesim/msg/detail
[11.676s] -- Installing: /home/kevin/Documents/Master/2_Semester/Spez/walle_ws/install/turtlesim/include/turtlesim/turtlesim/msg/detail/color__type_support.cpp
[11.676s] -- Installing: /home/kevin/Documents/Master/2_Semester/Spez/walle_ws/install/turtlesim/include/turtlesim/turtlesim/msg/detail/color__rosidl_typesupport_introspection_cpp.hpp
[11.676s] -- Installing: /home/kevin/Documents/Master/2_Semester/Spez/walle_ws/install/turtlesim/include/turtlesim/turtlesim/msg/detail/pose__type_support.cpp
[11.676s] -- Installing: /home/kevin/Documents/Master/2_Semester/Spez/walle_ws/install/turtlesim/include/turtlesim/turtlesim/msg/detail/pose__rosidl_typesupport_introspection_cpp.hpp
[11.676s] -- Installing: /home/kevin/Documents/Master/2_Semester/Spez/walle_ws/install/turtlesim/lib/libturtlesim__rosidl_typesupport_introspection_cpp.so
[11.676s] -- Set runtime path of "/home/kevin/Documents/Master/2_Semester/Spez/walle_ws/install/turtlesim/lib/libturtlesim__rosidl_typesupport_introspection_cpp.so" to ""
[11.676s] -- Installing: /home/kevin/Documents/Master/2_Semester/Spez/walle_ws/install/turtlesim/lib/libturtlesim__rosidl_typesupport_cpp.so
[11.676s] -- Set runtime path of "/home/kevin/Documents/Master/2_Semester/Spez/walle_ws/install/turtlesim/lib/libturtlesim__rosidl_typesupport_cpp.so" to ""
[11.676s] -- Installing: /home/kevin/Documents/Master/2_Semester/Spez/walle_ws/install/turtlesim/share/turtlesim/environment/pythonpath.sh
[11.677s] -- Installing: /home/kevin/Documents/Master/2_Semester/Spez/walle_ws/install/turtlesim/share/turtlesim/environment/pythonpath.dsv
[11.677s] -- Installing: /home/kevin/Documents/Master/2_Semester/Spez/walle_ws/install/turtlesim/local/lib/python3.10/dist-packages/turtlesim-1.4.2-py3.10.egg-info
[11.677s] -- Installing: /home/kevin/Documents/Master/2_Semester/Spez/walle_ws/install/turtlesim/local/lib/python3.10/dist-packages/turtlesim-1.4.2-py3.10.egg-info/dependency_links.txt
[11.677s] -- Installing: /home/kevin/Documents/Master/2_Semester/Spez/walle_ws/install/turtlesim/local/lib/python3.10/dist-packages/turtlesim-1.4.2-py3.10.egg-info/top_level.txt
[11.677s] -- Installing: /home/kevin/Documents/Master/2_Semester/Spez/walle_ws/install/turtlesim/local/lib/python3.10/dist-packages/turtlesim-1.4.2-py3.10.egg-info/SOURCES.txt
[11.677s] -- Installing: /home/kevin/Documents/Master/2_Semester/Spez/walle_ws/install/turtlesim/local/lib/python3.10/dist-packages/turtlesim-1.4.2-py3.10.egg-info/PKG-INFO
[11.677s] -- Installing: /home/kevin/Documents/Master/2_Semester/Spez/walle_ws/install/turtlesim/local/lib/python3.10/dist-packages/turtlesim
[11.677s] -- Installing: /home/kevin/Documents/Master/2_Semester/Spez/walle_ws/install/turtlesim/local/lib/python3.10/dist-packages/turtlesim/__init__.py
[11.678s] -- Installing: /home/kevin/Documents/Master/2_Semester/Spez/walle_ws/install/turtlesim/local/lib/python3.10/dist-packages/turtlesim/_turtlesim_s.ep.rosidl_typesupport_introspection_c.c
[11.678s] -- Installing: /home/kevin/Documents/Master/2_Semester/Spez/walle_ws/install/turtlesim/local/lib/python3.10/dist-packages/turtlesim/_turtlesim_s.ep.rosidl_typesupport_fastrtps_c.c
[11.678s] -- Installing: /home/kevin/Documents/Master/2_Semester/Spez/walle_ws/install/turtlesim/local/lib/python3.10/dist-packages/turtlesim/action
[11.678s] -- Installing: /home/kevin/Documents/Master/2_Semester/Spez/walle_ws/install/turtlesim/local/lib/python3.10/dist-packages/turtlesim/action/__init__.py
[11.678s] -- Installing: /home/kevin/Documents/Master/2_Semester/Spez/walle_ws/install/turtlesim/local/lib/python3.10/dist-packages/turtlesim/action/_rotate_absolute.py
[11.678s] -- Installing: /home/kevin/Documents/Master/2_Semester/Spez/walle_ws/install/turtlesim/local/lib/python3.10/dist-packages/turtlesim/action/_rotate_absolute_s.c
[11.678s] -- Installing: /home/kevin/Documents/Master/2_Semester/Spez/walle_ws/install/turtlesim/local/lib/python3.10/dist-packages/turtlesim/srv
[11.678s] -- Installing: /home/kevin/Documents/Master/2_Semester/Spez/walle_ws/install/turtlesim/local/lib/python3.10/dist-packages/turtlesim/srv/__init__.py
[11.678s] -- Installing: /home/kevin/Documents/Master/2_Semester/Spez/walle_ws/install/turtlesim/local/lib/python3.10/dist-packages/turtlesim/srv/_teleport_relative_s.c
[11.678s] -- Installing: /home/kevin/Documents/Master/2_Semester/Spez/walle_ws/install/turtlesim/local/lib/python3.10/dist-packages/turtlesim/srv/_teleport_absolute.py
[11.678s] -- Installing: /home/kevin/Documents/Master/2_Semester/Spez/walle_ws/install/turtlesim/local/lib/python3.10/dist-packages/turtlesim/srv/_set_pen_s.c
[11.679s] -- Installing: /home/kevin/Documents/Master/2_Semester/Spez/walle_ws/install/turtlesim/local/lib/python3.10/dist-packages/turtlesim/srv/_set_pen.py
[11.679s] -- Installing: /home/kevin/Documents/Master/2_Semester/Spez/walle_ws/install/turtlesim/local/lib/python3.10/dist-packages/turtlesim/srv/_teleport_absolute_s.c
[11.679s] -- Installing: /home/kevin/Documents/Master/2_Semester/Spez/walle_ws/install/turtlesim/local/lib/python3.10/dist-packages/turtlesim/srv/_spawn_s.c
[11.679s] -- Installing: /home/kevin/Documents/Master/2_Semester/Spez/walle_ws/install/turtlesim/local/lib/python3.10/dist-packages/turtlesim/srv/_teleport_relative.py
[11.679s] -- Installing: /home/kevin/Documents/Master/2_Semester/Spez/walle_ws/install/turtlesim/local/lib/python3.10/dist-packages/turtlesim/srv/_kill.py
[11.679s] -- Installing: /home/kevin/Documents/Master/2_Semester/Spez/walle_ws/install/turtlesim/local/lib/python3.10/dist-packages/turtlesim/srv/_spawn.py
[11.679s] -- Installing: /home/kevin/Documents/Master/2_Semester/Spez/walle_ws/install/turtlesim/local/lib/python3.10/dist-packages/turtlesim/srv/_kill_s.c
[11.679s] -- Installing: /home/kevin/Documents/Master/2_Semester/Spez/walle_ws/install/turtlesim/local/lib/python3.10/dist-packages/turtlesim/turtlesim_s__rosidl_typesupport_c.cpython-310-x86_64-linux-gnu.so
[11.679s] -- Installing: /home/kevin/Documents/Master/2_Semester/Spez/walle_ws/install/turtlesim/local/lib/python3.10/dist-packages/turtlesim/turtlesim_s__rosidl_typesupport_introspection_c.cpython-310-x86_64-linux-gnu.so
[11.679s] -- Installing: /home/kevin/Documents/Master/2_Semester/Spez/walle_ws/install/turtlesim/local/lib/python3.10/dist-packages/turtlesim/turtlesim_s__rosidl_typesupport_fastrtps_c.cpython-310-x86_64-linux-gnu.so
[11.680s] -- Installing: /home/kevin/Documents/Master/2_Semester/Spez/walle_ws/install/turtlesim/local/lib/python3.10/dist-packages/turtlesim/libturtlesim__rosidl_generator_py.so
[11.680s] -- Installing: /home/kevin/Documents/Master/2_Semester/Spez/walle_ws/install/turtlesim/local/lib/python3.10/dist-packages/turtlesim/msg
[11.680s] -- Installing: /home/kevin/Documents/Master/2_Semester/Spez/walle_ws/install/turtlesim/local/lib/python3.10/dist-packages/turtlesim/msg/__init__.py
[11.680s] -- Installing: /home/kevin/Documents/Master/2_Semester/Spez/walle_ws/install/turtlesim/local/lib/python3.10/dist-packages/turtlesim/msg/_pose_s.c
[11.680s] -- Installing: /home/kevin/Documents/Master/2_Semester/Spez/walle_ws/install/turtlesim/local/lib/python3.10/dist-packages/turtlesim/msg/_color_s.c
[11.680s] -- Installing: /home/kevin/Documents/Master/2_Semester/Spez/walle_ws/install/turtlesim/local/lib/python3.10/dist-packages/turtlesim/msg/_color.py
[11.680s] -- Installing: /home/kevin/Documents/Master/2_Semester/Spez/walle_ws/install/turtlesim/local/lib/python3.10/dist-packages/turtlesim/msg/_pose.py
[11.680s] -- Installing: /home/kevin/Documents/Master/2_Semester/Spez/walle_ws/install/turtlesim/local/lib/python3.10/dist-packages/turtlesim/_turtlesim_s.ep.rosidl_typesupport_c.c
[11.709s] Listing '/home/kevin/Documents/Master/2_Semester/Spez/walle_ws/install/turtlesim/local/lib/python3.10/dist-packages/turtlesim'...
[11.709s] Compiling '/home/kevin/Documents/Master/2_Semester/Spez/walle_ws/install/turtlesim/local/lib/python3.10/dist-packages/turtlesim/__init__.py'...
[11.709s] Listing '/home/kevin/Documents/Master/2_Semester/Spez/walle_ws/install/turtlesim/local/lib/python3.10/dist-packages/turtlesim/action'...
[11.710s] Compiling '/home/kevin/Documents/Master/2_Semester/Spez/walle_ws/install/turtlesim/local/lib/python3.10/dist-packages/turtlesim/action/__init__.py'...
[11.710s] Compiling '/home/kevin/Documents/Master/2_Semester/Spez/walle_ws/install/turtlesim/local/lib/python3.10/dist-packages/turtlesim/action/_rotate_absolute.py'...
[11.710s] Listing '/home/kevin/Documents/Master/2_Semester/Spez/walle_ws/install/turtlesim/local/lib/python3.10/dist-packages/turtlesim/msg'...
[11.710s] Compiling '/home/kevin/Documents/Master/2_Semester/Spez/walle_ws/install/turtlesim/local/lib/python3.10/dist-packages/turtlesim/msg/__init__.py'...
[11.710s] Compiling '/home/kevin/Documents/Master/2_Semester/Spez/walle_ws/install/turtlesim/local/lib/python3.10/dist-packages/turtlesim/msg/_color.py'...
[11.710s] Compiling '/home/kevin/Documents/Master/2_Semester/Spez/walle_ws/install/turtlesim/local/lib/python3.10/dist-packages/turtlesim/msg/_pose.py'...
[11.710s] Listing '/home/kevin/Documents/Master/2_Semester/Spez/walle_ws/install/turtlesim/local/lib/python3.10/dist-packages/turtlesim/srv'...
[11.710s] Compiling '/home/kevin/Documents/Master/2_Semester/Spez/walle_ws/install/turtlesim/local/lib/python3.10/dist-packages/turtlesim/srv/__init__.py'...
[11.710s] Compiling '/home/kevin/Documents/Master/2_Semester/Spez/walle_ws/install/turtlesim/local/lib/python3.10/dist-packages/turtlesim/srv/_kill.py'...
[11.710s] Compiling '/home/kevin/Documents/Master/2_Semester/Spez/walle_ws/install/turtlesim/local/lib/python3.10/dist-packages/turtlesim/srv/_set_pen.py'...
[11.710s] Compiling '/home/kevin/Documents/Master/2_Semester/Spez/walle_ws/install/turtlesim/local/lib/python3.10/dist-packages/turtlesim/srv/_spawn.py'...
[11.710s] Compiling '/home/kevin/Documents/Master/2_Semester/Spez/walle_ws/install/turtlesim/local/lib/python3.10/dist-packages/turtlesim/srv/_teleport_absolute.py'...
[11.710s] Compiling '/home/kevin/Documents/Master/2_Semester/Spez/walle_ws/install/turtlesim/local/lib/python3.10/dist-packages/turtlesim/srv/_teleport_relative.py'...
[11.711s] -- Installing: /home/kevin/Documents/Master/2_Semester/Spez/walle_ws/install/turtlesim/local/lib/python3.10/dist-packages/turtlesim/turtlesim_s__rosidl_typesupport_fastrtps_c.cpython-310-x86_64-linux-gnu.so
[11.712s] -- Set runtime path of "/home/kevin/Documents/Master/2_Semester/Spez/walle_ws/install/turtlesim/local/lib/python3.10/dist-packages/turtlesim/turtlesim_s__rosidl_typesupport_fastrtps_c.cpython-310-x86_64-linux-gnu.so" to ""
[11.712s] -- Installing: /home/kevin/Documents/Master/2_Semester/Spez/walle_ws/install/turtlesim/local/lib/python3.10/dist-packages/turtlesim/turtlesim_s__rosidl_typesupport_introspection_c.cpython-310-x86_64-linux-gnu.so
[11.712s] -- Set runtime path of "/home/kevin/Documents/Master/2_Semester/Spez/walle_ws/install/turtlesim/local/lib/python3.10/dist-packages/turtlesim/turtlesim_s__rosidl_typesupport_introspection_c.cpython-310-x86_64-linux-gnu.so" to ""
[11.712s] -- Installing: /home/kevin/Documents/Master/2_Semester/Spez/walle_ws/install/turtlesim/local/lib/python3.10/dist-packages/turtlesim/turtlesim_s__rosidl_typesupport_c.cpython-310-x86_64-linux-gnu.so
[11.713s] -- Set runtime path of "/home/kevin/Documents/Master/2_Semester/Spez/walle_ws/install/turtlesim/local/lib/python3.10/dist-packages/turtlesim/turtlesim_s__rosidl_typesupport_c.cpython-310-x86_64-linux-gnu.so" to ""
[11.713s] -- Installing: /home/kevin/Documents/Master/2_Semester/Spez/walle_ws/install/turtlesim/lib/libturtlesim__rosidl_generator_py.so
[11.713s] -- Set runtime path of "/home/kevin/Documents/Master/2_Semester/Spez/walle_ws/install/turtlesim/lib/libturtlesim__rosidl_generator_py.so" to ""
[11.713s] -- Installing: /home/kevin/Documents/Master/2_Semester/Spez/walle_ws/install/turtlesim/share/turtlesim/action/RotateAbsolute.idl
[11.713s] -- Installing: /home/kevin/Documents/Master/2_Semester/Spez/walle_ws/install/turtlesim/share/turtlesim/msg/Color.idl
[11.714s] -- Installing: /home/kevin/Documents/Master/2_Semester/Spez/walle_ws/install/turtlesim/share/turtlesim/msg/Pose.idl
[11.714s] -- Installing: /home/kevin/Documents/Master/2_Semester/Spez/walle_ws/install/turtlesim/share/turtlesim/srv/Kill.idl
[11.714s] -- Installing: /home/kevin/Documents/Master/2_Semester/Spez/walle_ws/install/turtlesim/share/turtlesim/srv/SetPen.idl
[11.714s] -- Installing: /home/kevin/Documents/Master/2_Semester/Spez/walle_ws/install/turtlesim/share/turtlesim/srv/Spawn.idl
[11.714s] -- Installing: /home/kevin/Documents/Master/2_Semester/Spez/walle_ws/install/turtlesim/share/turtlesim/srv/TeleportAbsolute.idl
[11.714s] -- Installing: /home/kevin/Documents/Master/2_Semester/Spez/walle_ws/install/turtlesim/share/turtlesim/srv/TeleportRelative.idl
[11.714s] -- Installing: /home/kevin/Documents/Master/2_Semester/Spez/walle_ws/install/turtlesim/share/turtlesim/action/RotateAbsolute.action
[11.714s] -- Installing: /home/kevin/Documents/Master/2_Semester/Spez/walle_ws/install/turtlesim/share/turtlesim/msg/Color.msg
[11.714s] -- Installing: /home/kevin/Documents/Master/2_Semester/Spez/walle_ws/install/turtlesim/share/turtlesim/msg/Pose.msg
[11.714s] -- Installing: /home/kevin/Documents/Master/2_Semester/Spez/walle_ws/install/turtlesim/share/turtlesim/srv/Kill.srv
[11.714s] -- Installing: /home/kevin/Documents/Master/2_Semester/Spez/walle_ws/install/turtlesim/share/turtlesim/srv/Kill_Request.msg
[11.715s] -- Installing: /home/kevin/Documents/Master/2_Semester/Spez/walle_ws/install/turtlesim/share/turtlesim/srv/Kill_Response.msg
[11.715s] -- Installing: /home/kevin/Documents/Master/2_Semester/Spez/walle_ws/install/turtlesim/share/turtlesim/srv/SetPen.srv
[11.715s] -- Installing: /home/kevin/Documents/Master/2_Semester/Spez/walle_ws/install/turtlesim/share/turtlesim/srv/SetPen_Request.msg
[11.715s] -- Installing: /home/kevin/Documents/Master/2_Semester/Spez/walle_ws/install/turtlesim/share/turtlesim/srv/SetPen_Response.msg
[11.715s] -- Installing: /home/kevin/Documents/Master/2_Semester/Spez/walle_ws/install/turtlesim/share/turtlesim/srv/Spawn.srv
[11.715s] -- Installing: /home/kevin/Documents/Master/2_Semester/Spez/walle_ws/install/turtlesim/share/turtlesim/srv/Spawn_Request.msg
[11.715s] -- Installing: /home/kevin/Documents/Master/2_Semester/Spez/walle_ws/install/turtlesim/share/turtlesim/srv/Spawn_Response.msg
[11.715s] -- Installing: /home/kevin/Documents/Master/2_Semester/Spez/walle_ws/install/turtlesim/share/turtlesim/srv/TeleportAbsolute.srv
[11.715s] -- Installing: /home/kevin/Documents/Master/2_Semester/Spez/walle_ws/install/turtlesim/share/turtlesim/srv/TeleportAbsolute_Request.msg
[11.715s] -- Installing: /home/kevin/Documents/Master/2_Semester/Spez/walle_ws/install/turtlesim/share/turtlesim/srv/TeleportAbsolute_Response.msg
[11.715s] -- Installing: /home/kevin/Documents/Master/2_Semester/Spez/walle_ws/install/turtlesim/share/turtlesim/srv/TeleportRelative.srv
[11.715s] -- Installing: /home/kevin/Documents/Master/2_Semester/Spez/walle_ws/install/turtlesim/share/turtlesim/srv/TeleportRelative_Request.msg
[11.716s] -- Installing: /home/kevin/Documents/Master/2_Semester/Spez/walle_ws/install/turtlesim/share/turtlesim/srv/TeleportRelative_Response.msg
[11.716s] -- Installing: /home/kevin/Documents/Master/2_Semester/Spez/walle_ws/install/turtlesim/lib/turtlesim/turtlesim_node
[11.723s] -- Set runtime path of "/home/kevin/Documents/Master/2_Semester/Spez/walle_ws/install/turtlesim/lib/turtlesim/turtlesim_node" to ""
[11.723s] -- Installing: /home/kevin/Documents/Master/2_Semester/Spez/walle_ws/install/turtlesim/lib/turtlesim/turtle_teleop_key
[11.724s] -- Set runtime path of "/home/kevin/Documents/Master/2_Semester/Spez/walle_ws/install/turtlesim/lib/turtlesim/turtle_teleop_key" to ""
[11.724s] -- Installing: /home/kevin/Documents/Master/2_Semester/Spez/walle_ws/install/turtlesim/lib/turtlesim/draw_square
[11.728s] -- Set runtime path of "/home/kevin/Documents/Master/2_Semester/Spez/walle_ws/install/turtlesim/lib/turtlesim/draw_square" to ""
[11.728s] -- Installing: /home/kevin/Documents/Master/2_Semester/Spez/walle_ws/install/turtlesim/lib/turtlesim/mimic
[11.732s] -- Set runtime path of "/home/kevin/Documents/Master/2_Semester/Spez/walle_ws/install/turtlesim/lib/turtlesim/mimic" to ""
[11.732s] -- Installing: /home/kevin/Documents/Master/2_Semester/Spez/walle_ws/install/turtlesim/share/turtlesim/images
[11.732s] -- Installing: /home/kevin/Documents/Master/2_Semester/Spez/walle_ws/install/turtlesim/share/turtlesim/images/dashing.png
[11.732s] -- Installing: /home/kevin/Documents/Master/2_Semester/Spez/walle_ws/install/turtlesim/share/turtlesim/images/crystal.png
[11.732s] -- Installing: /home/kevin/Documents/Master/2_Semester/Spez/walle_ws/install/turtlesim/share/turtlesim/images/rolling.png
[11.732s] -- Installing: /home/kevin/Documents/Master/2_Semester/Spez/walle_ws/install/turtlesim/share/turtlesim/images/humble.png
[11.733s] -- Installing: /home/kevin/Documents/Master/2_Semester/Spez/walle_ws/install/turtlesim/share/turtlesim/images/eloquent.png
[11.733s] -- Installing: /home/kevin/Documents/Master/2_Semester/Spez/walle_ws/install/turtlesim/share/turtlesim/images/galactic.png
[11.733s] -- Installing: /home/kevin/Documents/Master/2_Semester/Spez/walle_ws/install/turtlesim/share/turtlesim/images/foxy.png
[11.733s] -- Installing: /home/kevin/Documents/Master/2_Semester/Spez/walle_ws/install/turtlesim/share/turtlesim/images/bouncy.png
[11.733s] -- Installing: /home/kevin/Documents/Master/2_Semester/Spez/walle_ws/install/turtlesim/share/turtlesim/images/ardent.png
[11.733s] -- Installing: /home/kevin/Documents/Master/2_Semester/Spez/walle_ws/install/turtlesim/share/turtlesim/launch
[11.733s] -- Installing: /home/kevin/Documents/Master/2_Semester/Spez/walle_ws/install/turtlesim/share/turtlesim/launch/multisim.launch.py
[11.733s] -- Installing: /home/kevin/Documents/Master/2_Semester/Spez/walle_ws/install/turtlesim/share/ament_index/resource_index/package_run_dependencies/turtlesim
[11.733s] -- Installing: /home/kevin/Documents/Master/2_Semester/Spez/walle_ws/install/turtlesim/share/ament_index/resource_index/parent_prefix_path/turtlesim
[11.733s] -- Installing: /home/kevin/Documents/Master/2_Semester/Spez/walle_ws/install/turtlesim/share/turtlesim/environment/ament_prefix_path.sh
[11.733s] -- Installing: /home/kevin/Documents/Master/2_Semester/Spez/walle_ws/install/turtlesim/share/turtlesim/environment/ament_prefix_path.dsv
[11.734s] -- Installing: /home/kevin/Documents/Master/2_Semester/Spez/walle_ws/install/turtlesim/share/turtlesim/environment/path.sh
[11.734s] -- Installing: /home/kevin/Documents/Master/2_Semester/Spez/walle_ws/install/turtlesim/share/turtlesim/environment/path.dsv
[11.734s] -- Installing: /home/kevin/Documents/Master/2_Semester/Spez/walle_ws/install/turtlesim/share/turtlesim/local_setup.bash
[11.734s] -- Installing: /home/kevin/Documents/Master/2_Semester/Spez/walle_ws/install/turtlesim/share/turtlesim/local_setup.sh
[11.734s] -- Installing: /home/kevin/Documents/Master/2_Semester/Spez/walle_ws/install/turtlesim/share/turtlesim/local_setup.zsh
[11.734s] -- Installing: /home/kevin/Documents/Master/2_Semester/Spez/walle_ws/install/turtlesim/share/turtlesim/local_setup.dsv
[11.734s] -- Installing: /home/kevin/Documents/Master/2_Semester/Spez/walle_ws/install/turtlesim/share/turtlesim/package.dsv
[11.734s] -- Installing: /home/kevin/Documents/Master/2_Semester/Spez/walle_ws/install/turtlesim/share/ament_index/resource_index/packages/turtlesim
[11.734s] -- Installing: /home/kevin/Documents/Master/2_Semester/Spez/walle_ws/install/turtlesim/share/turtlesim/cmake/export_turtlesim__rosidl_generator_cExport.cmake
[11.735s] -- Installing: /home/kevin/Documents/Master/2_Semester/Spez/walle_ws/install/turtlesim/share/turtlesim/cmake/export_turtlesim__rosidl_generator_cExport-noconfig.cmake
[11.735s] -- Installing: /home/kevin/Documents/Master/2_Semester/Spez/walle_ws/install/turtlesim/share/turtlesim/cmake/export_turtlesim__rosidl_typesupport_fastrtps_cExport.cmake
[11.735s] -- Installing: /home/kevin/Documents/Master/2_Semester/Spez/walle_ws/install/turtlesim/share/turtlesim/cmake/export_turtlesim__rosidl_typesupport_fastrtps_cExport-noconfig.cmake
[11.735s] -- Installing: /home/kevin/Documents/Master/2_Semester/Spez/walle_ws/install/turtlesim/share/turtlesim/cmake/export_turtlesim__rosidl_generator_cppExport.cmake
[11.735s] -- Installing: /home/kevin/Documents/Master/2_Semester/Spez/walle_ws/install/turtlesim/share/turtlesim/cmake/export_turtlesim__rosidl_typesupport_fastrtps_cppExport.cmake
[11.735s] -- Installing: /home/kevin/Documents/Master/2_Semester/Spez/walle_ws/install/turtlesim/share/turtlesim/cmake/export_turtlesim__rosidl_typesupport_fastrtps_cppExport-noconfig.cmake
[11.735s] -- Installing: /home/kevin/Documents/Master/2_Semester/Spez/walle_ws/install/turtlesim/share/turtlesim/cmake/turtlesim__rosidl_typesupport_introspection_cExport.cmake
[11.735s] -- Installing: /home/kevin/Documents/Master/2_Semester/Spez/walle_ws/install/turtlesim/share/turtlesim/cmake/turtlesim__rosidl_typesupport_introspection_cExport-noconfig.cmake
[11.735s] -- Installing: /home/kevin/Documents/Master/2_Semester/Spez/walle_ws/install/turtlesim/share/turtlesim/cmake/turtlesim__rosidl_typesupport_cExport.cmake
[11.735s] -- Installing: /home/kevin/Documents/Master/2_Semester/Spez/walle_ws/install/turtlesim/share/turtlesim/cmake/turtlesim__rosidl_typesupport_cExport-noconfig.cmake
[11.736s] -- Installing: /home/kevin/Documents/Master/2_Semester/Spez/walle_ws/install/turtlesim/share/turtlesim/cmake/turtlesim__rosidl_typesupport_introspection_cppExport.cmake
[11.736s] -- Installing: /home/kevin/Documents/Master/2_Semester/Spez/walle_ws/install/turtlesim/share/turtlesim/cmake/turtlesim__rosidl_typesupport_introspection_cppExport-noconfig.cmake
[11.736s] -- Installing: /home/kevin/Documents/Master/2_Semester/Spez/walle_ws/install/turtlesim/share/turtlesim/cmake/turtlesim__rosidl_typesupport_cppExport.cmake
[11.736s] -- Installing: /home/kevin/Documents/Master/2_Semester/Spez/walle_ws/install/turtlesim/share/turtlesim/cmake/turtlesim__rosidl_typesupport_cppExport-noconfig.cmake
[11.736s] -- Installing: /home/kevin/Documents/Master/2_Semester/Spez/walle_ws/install/turtlesim/share/turtlesim/cmake/export_turtlesim__rosidl_generator_pyExport.cmake
[11.736s] -- Installing: /home/kevin/Documents/Master/2_Semester/Spez/walle_ws/install/turtlesim/share/turtlesim/cmake/export_turtlesim__rosidl_generator_pyExport-noconfig.cmake
[11.736s] -- Installing: /home/kevin/Documents/Master/2_Semester/Spez/walle_ws/install/turtlesim/share/turtlesim/cmake/rosidl_cmake-extras.cmake
[11.736s] -- Installing: /home/kevin/Documents/Master/2_Semester/Spez/walle_ws/install/turtlesim/share/turtlesim/cmake/ament_cmake_export_dependencies-extras.cmake
[11.736s] -- Installing: /home/kevin/Documents/Master/2_Semester/Spez/walle_ws/install/turtlesim/share/turtlesim/cmake/ament_cmake_export_include_directories-extras.cmake
[11.736s] -- Installing: /home/kevin/Documents/Master/2_Semester/Spez/walle_ws/install/turtlesim/share/turtlesim/cmake/ament_cmake_export_libraries-extras.cmake
[11.737s] -- Installing: /home/kevin/Documents/Master/2_Semester/Spez/walle_ws/install/turtlesim/share/turtlesim/cmake/ament_cmake_export_targets-extras.cmake
[11.737s] -- Installing: /home/kevin/Documents/Master/2_Semester/Spez/walle_ws/install/turtlesim/share/turtlesim/cmake/rosidl_cmake_export_typesupport_targets-extras.cmake
[11.737s] -- Installing: /home/kevin/Documents/Master/2_Semester/Spez/walle_ws/install/turtlesim/share/turtlesim/cmake/rosidl_cmake_export_typesupport_libraries-extras.cmake
[11.737s] -- Installing: /home/kevin/Documents/Master/2_Semester/Spez/walle_ws/install/turtlesim/share/turtlesim/cmake/turtlesimConfig.cmake
[11.737s] -- Installing: /home/kevin/Documents/Master/2_Semester/Spez/walle_ws/install/turtlesim/share/turtlesim/cmake/turtlesimConfig-version.cmake
[11.737s] -- Installing: /home/kevin/Documents/Master/2_Semester/Spez/walle_ws/install/turtlesim/share/turtlesim/package.xml
[11.739s] Invoked command in '/home/kevin/Documents/Master/2_Semester/Spez/walle_ws/build/turtlesim' returned '0': CMAKE_PREFIX_PATH=${CMAKE_PREFIX_PATH}:/home/kevin/ros2_ws/install/launch_testing_examples:/home/kevin/ros2_ws/install/examples_rclpy_pointcloud_publisher:/home/kevin/ros2_ws/install/examples_rclpy_minimal_subscriber:/home/kevin/ros2_ws/install/examples_rclpy_minimal_service:/home/kevin/ros2_ws/install/examples_rclpy_minimal_publisher:/home/kevin/ros2_ws/install/examples_rclpy_minimal_client:/home/kevin/ros2_ws/install/examples_rclpy_minimal_action_server:/home/kevin/ros2_ws/install/examples_rclpy_minimal_action_client:/home/kevin/ros2_ws/install/examples_rclpy_guard_conditions:/home/kevin/ros2_ws/install/examples_rclpy_executors:/opt/ros/humble /usr/bin/cmake --install /home/kevin/Documents/Master/2_Semester/Spez/walle_ws/build/turtlesim
