[0.008s] Invoking command in '/home/kevin/Documents/Master/2_Semester/Spez/walle_ws/build/my_package': CMAKE_PREFIX_PATH=${CMAKE_PREFIX_PATH}:/home/kevin/ros2_ws/install/launch_testing_examples:/home/kevin/ros2_ws/install/examples_rclpy_pointcloud_publisher:/home/kevin/ros2_ws/install/examples_rclpy_minimal_subscriber:/home/kevin/ros2_ws/install/examples_rclpy_minimal_service:/home/kevin/ros2_ws/install/examples_rclpy_minimal_publisher:/home/kevin/ros2_ws/install/examples_rclpy_minimal_client:/home/kevin/ros2_ws/install/examples_rclpy_minimal_action_server:/home/kevin/ros2_ws/install/examples_rclpy_minimal_action_client:/home/kevin/ros2_ws/install/examples_rclpy_guard_conditions:/home/kevin/ros2_ws/install/examples_rclpy_executors:/opt/ros/humble /usr/bin/cmake --build /home/kevin/Documents/Master/2_Semester/Spez/walle_ws/build/my_package -- -j12 -l12
[0.033s] [35m[1mConsolidate compiler generated dependencies of target my_node[0m
[0.041s] [100%] Built target my_node
[0.048s] Invoked command in '/home/kevin/Documents/Master/2_Semester/Spez/walle_ws/build/my_package' returned '0': CMAKE_PREFIX_PATH=${CMAKE_PREFIX_PATH}:/home/kevin/ros2_ws/install/launch_testing_examples:/home/kevin/ros2_ws/install/examples_rclpy_pointcloud_publisher:/home/kevin/ros2_ws/install/examples_rclpy_minimal_subscriber:/home/kevin/ros2_ws/install/examples_rclpy_minimal_service:/home/kevin/ros2_ws/install/examples_rclpy_minimal_publisher:/home/kevin/ros2_ws/install/examples_rclpy_minimal_client:/home/kevin/ros2_ws/install/examples_rclpy_minimal_action_server:/home/kevin/ros2_ws/install/examples_rclpy_minimal_action_client:/home/kevin/ros2_ws/install/examples_rclpy_guard_conditions:/home/kevin/ros2_ws/install/examples_rclpy_executors:/opt/ros/humble /usr/bin/cmake --build /home/kevin/Documents/Master/2_Semester/Spez/walle_ws/build/my_package -- -j12 -l12
[0.072s] Invoking command in '/home/kevin/Documents/Master/2_Semester/Spez/walle_ws/build/my_package': CMAKE_PREFIX_PATH=${CMAKE_PREFIX_PATH}:/home/kevin/ros2_ws/install/launch_testing_examples:/home/kevin/ros2_ws/install/examples_rclpy_pointcloud_publisher:/home/kevin/ros2_ws/install/examples_rclpy_minimal_subscriber:/home/kevin/ros2_ws/install/examples_rclpy_minimal_service:/home/kevin/ros2_ws/install/examples_rclpy_minimal_publisher:/home/kevin/ros2_ws/install/examples_rclpy_minimal_client:/home/kevin/ros2_ws/install/examples_rclpy_minimal_action_server:/home/kevin/ros2_ws/install/examples_rclpy_minimal_action_client:/home/kevin/ros2_ws/install/examples_rclpy_guard_conditions:/home/kevin/ros2_ws/install/examples_rclpy_executors:/opt/ros/humble /usr/bin/cmake --install /home/kevin/Documents/Master/2_Semester/Spez/walle_ws/build/my_package
[0.076s] -- Install configuration: ""
[0.076s] -- Up-to-date: /home/kevin/Documents/Master/2_Semester/Spez/walle_ws/install/my_package/lib/my_package/my_node
[0.076s] -- Up-to-date: /home/kevin/Documents/Master/2_Semester/Spez/walle_ws/install/my_package/share/ament_index/resource_index/package_run_dependencies/my_package
[0.077s] -- Up-to-date: /home/kevin/Documents/Master/2_Semester/Spez/walle_ws/install/my_package/share/ament_index/resource_index/parent_prefix_path/my_package
[0.077s] -- Up-to-date: /home/kevin/Documents/Master/2_Semester/Spez/walle_ws/install/my_package/share/my_package/environment/ament_prefix_path.sh
[0.077s] -- Up-to-date: /home/kevin/Documents/Master/2_Semester/Spez/walle_ws/install/my_package/share/my_package/environment/ament_prefix_path.dsv
[0.077s] -- Up-to-date: /home/kevin/Documents/Master/2_Semester/Spez/walle_ws/install/my_package/share/my_package/environment/path.sh
[0.077s] -- Up-to-date: /home/kevin/Documents/Master/2_Semester/Spez/walle_ws/install/my_package/share/my_package/environment/path.dsv
[0.077s] -- Up-to-date: /home/kevin/Documents/Master/2_Semester/Spez/walle_ws/install/my_package/share/my_package/local_setup.bash
[0.077s] -- Up-to-date: /home/kevin/Documents/Master/2_Semester/Spez/walle_ws/install/my_package/share/my_package/local_setup.sh
[0.077s] -- Up-to-date: /home/kevin/Documents/Master/2_Semester/Spez/walle_ws/install/my_package/share/my_package/local_setup.zsh
[0.077s] -- Up-to-date: /home/kevin/Documents/Master/2_Semester/Spez/walle_ws/install/my_package/share/my_package/local_setup.dsv
[0.077s] -- Up-to-date: /home/kevin/Documents/Master/2_Semester/Spez/walle_ws/install/my_package/share/my_package/package.dsv
[0.077s] -- Up-to-date: /home/kevin/Documents/Master/2_Semester/Spez/walle_ws/install/my_package/share/ament_index/resource_index/packages/my_package
[0.077s] -- Up-to-date: /home/kevin/Documents/Master/2_Semester/Spez/walle_ws/install/my_package/share/my_package/cmake/my_packageConfig.cmake
[0.077s] -- Up-to-date: /home/kevin/Documents/Master/2_Semester/Spez/walle_ws/install/my_package/share/my_package/cmake/my_packageConfig-version.cmake
[0.077s] -- Up-to-date: /home/kevin/Documents/Master/2_Semester/Spez/walle_ws/install/my_package/share/my_package/package.xml
[0.078s] Invoked command in '/home/kevin/Documents/Master/2_Semester/Spez/walle_ws/build/my_package' returned '0': CMAKE_PREFIX_PATH=${CMAKE_PREFIX_PATH}:/home/kevin/ros2_ws/install/launch_testing_examples:/home/kevin/ros2_ws/install/examples_rclpy_pointcloud_publisher:/home/kevin/ros2_ws/install/examples_rclpy_minimal_subscriber:/home/kevin/ros2_ws/install/examples_rclpy_minimal_service:/home/kevin/ros2_ws/install/examples_rclpy_minimal_publisher:/home/kevin/ros2_ws/install/examples_rclpy_minimal_client:/home/kevin/ros2_ws/install/examples_rclpy_minimal_action_server:/home/kevin/ros2_ws/install/examples_rclpy_minimal_action_client:/home/kevin/ros2_ws/install/examples_rclpy_guard_conditions:/home/kevin/ros2_ws/install/examples_rclpy_executors:/opt/ros/humble /usr/bin/cmake --install /home/kevin/Documents/Master/2_Semester/Spez/walle_ws/build/my_package
